\BOOKMARK [1][-]{section.1}{Derivations of distance asymptotics for common metrics used in continuous data}{}% 1
\BOOKMARK [2][-]{subsection.1.1}{Distribution of pairwise distances}{section.1}% 2
\BOOKMARK [1][-]{section.2}{Derivation of means and standard deviations for metrics and data distributions}{}% 3
\BOOKMARK [2][-]{subsection.2.1}{Distribution of }{section.2}% 4
\BOOKMARK [3][-]{subsubsection.2.1.1}{Standard normal data}{subsection.2.1}% 5
\BOOKMARK [3][-]{subsubsection.2.1.2}{Standard uniform data}{subsection.2.1}% 6
\BOOKMARK [2][-]{subsection.2.2}{Manhattan }{section.2}% 7
\BOOKMARK [3][-]{subsubsection.2.2.1}{Standard normal data}{subsection.2.2}% 8
\BOOKMARK [3][-]{subsubsection.2.2.2}{Standard uniform data}{subsection.2.2}% 9
\BOOKMARK [2][-]{subsection.2.3}{Euclidean }{section.2}% 10
\BOOKMARK [3][-]{subsubsection.2.3.1}{Standard normal data}{subsection.2.3}% 11
\BOOKMARK [3][-]{subsubsection.2.3.2}{Standard uniform data}{subsection.2.3}% 12
\BOOKMARK [2][-]{subsection.2.4}{Distribution of attribute extremes}{section.2}% 13
\BOOKMARK [3][-]{subsubsection.2.4.1}{Standard Normal Data}{subsection.2.4}% 14
\BOOKMARK [3][-]{subsubsection.2.4.2}{Standard Uniform Data}{subsection.2.4}% 15
\BOOKMARK [2][-]{subsection.2.5}{Normalized Manhattan }{section.2}% 16
\BOOKMARK [3][-]{subsubsection.2.5.1}{Standard normal data}{subsection.2.5}% 17
\BOOKMARK [3][-]{subsubsection.2.5.2}{Standard uniform data}{subsection.2.5}% 18
\BOOKMARK [2][-]{subsection.2.6}{Normalized Euclidean }{section.2}% 19
\BOOKMARK [3][-]{subsubsection.2.6.1}{Standard normal data}{subsection.2.6}% 20
\BOOKMARK [3][-]{subsubsection.2.6.2}{Standard uniform data}{subsection.2.6}% 21
\BOOKMARK [2][-]{subsection.2.7}{GWAS Distance Distributions}{section.2}% 22
\BOOKMARK [3][-]{subsubsection.2.7.1}{GM Distance Distribution}{subsection.2.7}% 23
\BOOKMARK [3][-]{subsubsection.2.7.2}{AM Distance Distribution}{subsection.2.7}% 24
\BOOKMARK [3][-]{subsubsection.2.7.3}{TiTv Distance Distribution}{subsection.2.7}% 25
\BOOKMARK [2][-]{subsection.2.8}{Resting-State fMRI Distance Distribution}{section.2}% 26
\BOOKMARK [2][-]{subsection.2.9}{Normalized Manhattan \040for rs-fMRI}{section.2}% 27
\BOOKMARK [1][-]{section.3}{Effects of correlation on distances}{}% 28
\BOOKMARK [2][-]{subsection.3.1}{Continuous data}{section.3}% 29
\BOOKMARK [2][-]{subsection.3.2}{GWAS data}{section.3}% 30
\BOOKMARK [2][-]{subsection.3.3}{Correlation-based data}{section.3}% 31
