This is pdfTeX, Version 3.14159265-2.6-1.40.20 (MiKTeX 2.9.6960 64-bit) (preloaded format=pdflatex 2019.3.6)  29 JUN 2020 16:44
entering extended mode
**./supplement2.tex
(supplement2.tex
LaTeX2e <2018-12-01>
("C:\Program Files\MiKTeX 2.9\tex/latex/base\article.cls"
Document Class: article 2018/09/03 v1.4i Standard LaTeX document class
("C:\Program Files\MiKTeX 2.9\tex/latex/base\size10.clo"
File: size10.clo 2018/09/03 v1.4i Standard LaTeX file (size option)
)
\c@part=\count80
\c@section=\count81
\c@subsection=\count82
\c@subsubsection=\count83
\c@paragraph=\count84
\c@subparagraph=\count85
\c@figure=\count86
\c@table=\count87
\abovecaptionskip=\skip41
\belowcaptionskip=\skip42
\bibindent=\dimen102
)
("C:\Program Files\MiKTeX 2.9\tex/latex/graphics\graphicx.sty"
Package: graphicx 2017/06/01 v1.1a Enhanced LaTeX Graphics (DPC,SPQR)

("C:\Program Files\MiKTeX 2.9\tex/latex/graphics\keyval.sty"
Package: keyval 2014/10/28 v1.15 key=value parser (DPC)
\KV@toks@=\toks14
)
("C:\Program Files\MiKTeX 2.9\tex/latex/graphics\graphics.sty"
Package: graphics 2017/06/25 v1.2c Standard LaTeX Graphics (DPC,SPQR)

("C:\Program Files\MiKTeX 2.9\tex/latex/graphics\trig.sty"
Package: trig 2016/01/03 v1.10 sin cos tan (DPC)
)
("C:\Program Files\MiKTeX 2.9\tex/latex/graphics-cfg\graphics.cfg"
File: graphics.cfg 2016/06/04 v1.11 sample graphics configuration
)
Package graphics Info: Driver file: pdftex.def on input line 99.

("C:\Program Files\MiKTeX 2.9\tex/latex/graphics-def\pdftex.def"
File: pdftex.def 2018/01/08 v1.0l Graphics/color driver for pdftex
))
\Gin@req@height=\dimen103
\Gin@req@width=\dimen104
)
("C:\Program Files\MiKTeX 2.9\tex/latex/graphics\color.sty"
Package: color 2016/07/10 v1.1e Standard LaTeX Color (DPC)

("C:\Program Files\MiKTeX 2.9\tex/latex/graphics-cfg\color.cfg"
File: color.cfg 2016/01/02 v1.6 sample color configuration
)
Package color Info: Driver file: pdftex.def on input line 147.
)
("C:\Program Files\MiKTeX 2.9\tex/latex/framed\framed.sty"
Package: framed 2011/10/22 v 0.96: framed or shaded text with page breaks
\OuterFrameSep=\skip43
\fb@frw=\dimen105
\fb@frh=\dimen106
\FrameRule=\dimen107
\FrameSep=\dimen108
)
("C:\Program Files\MiKTeX 2.9\tex/latex/base\alltt.sty"
Package: alltt 1997/06/16 v2.0g defines alltt environment
)
("C:\Program Files\MiKTeX 2.9\tex/latex/geometry\geometry.sty"
Package: geometry 2018/04/16 v5.8 Page Geometry

("C:\Program Files\MiKTeX 2.9\tex/generic/oberdiek\ifpdf.sty"
Package: ifpdf 2018/09/07 v3.3 Provides the ifpdf switch
)
("C:\Program Files\MiKTeX 2.9\tex/generic/oberdiek\ifvtex.sty"
Package: ifvtex 2016/05/16 v1.6 Detect VTeX and its facilities (HO)
Package ifvtex Info: VTeX not detected.
)
("C:\Program Files\MiKTeX 2.9\tex/generic/ifxetex\ifxetex.sty"
Package: ifxetex 2010/09/12 v0.6 Provides ifxetex conditional
)
\Gm@cnth=\count88
\Gm@cntv=\count89
\c@Gm@tempcnt=\count90
\Gm@bindingoffset=\dimen109
\Gm@wd@mp=\dimen110
\Gm@odd@mp=\dimen111
\Gm@even@mp=\dimen112
\Gm@layoutwidth=\dimen113
\Gm@layoutheight=\dimen114
\Gm@layouthoffset=\dimen115
\Gm@layoutvoffset=\dimen116
\Gm@dimlist=\toks15

("C:\Program Files\MiKTeX 2.9\tex/latex/geometry\geometry.cfg"))
("C:\Program Files\MiKTeX 2.9\tex/latex/amsmath\amsmath.sty"
Package: amsmath 2018/12/01 v2.17b AMS math features
\@mathmargin=\skip44

For additional information on amsmath, use the `?' option.
("C:\Program Files\MiKTeX 2.9\tex/latex/amsmath\amstext.sty"
Package: amstext 2000/06/29 v2.01 AMS text

("C:\Program Files\MiKTeX 2.9\tex/latex/amsmath\amsgen.sty"
File: amsgen.sty 1999/11/30 v2.0 generic functions
\@emptytoks=\toks16
\ex@=\dimen117
))
("C:\Program Files\MiKTeX 2.9\tex/latex/amsmath\amsbsy.sty"
Package: amsbsy 1999/11/29 v1.2d Bold Symbols
\pmbraise@=\dimen118
)
("C:\Program Files\MiKTeX 2.9\tex/latex/amsmath\amsopn.sty"
Package: amsopn 2016/03/08 v2.02 operator names
)
\inf@bad=\count91
LaTeX Info: Redefining \frac on input line 223.
\uproot@=\count92
\leftroot@=\count93
LaTeX Info: Redefining \overline on input line 385.
\classnum@=\count94
\DOTSCASE@=\count95
LaTeX Info: Redefining \ldots on input line 482.
LaTeX Info: Redefining \dots on input line 485.
LaTeX Info: Redefining \cdots on input line 606.
\Mathstrutbox@=\box27
\strutbox@=\box28
\big@size=\dimen119
LaTeX Font Info:    Redeclaring font encoding OML on input line 729.
LaTeX Font Info:    Redeclaring font encoding OMS on input line 730.
\macc@depth=\count96
\c@MaxMatrixCols=\count97
\dotsspace@=\muskip10
\c@parentequation=\count98
\dspbrk@lvl=\count99
\tag@help=\toks17
\row@=\count100
\column@=\count101
\maxfields@=\count102
\andhelp@=\toks18
\eqnshift@=\dimen120
\alignsep@=\dimen121
\tagshift@=\dimen122
\tagwidth@=\dimen123
\totwidth@=\dimen124
\lineht@=\dimen125
\@envbody=\toks19
\multlinegap=\skip45
\multlinetaggap=\skip46
\mathdisplay@stack=\toks20
LaTeX Info: Redefining \[ on input line 2844.
LaTeX Info: Redefining \] on input line 2845.
)
("C:\Program Files\MiKTeX 2.9\tex/latex/amsfonts\amssymb.sty"
Package: amssymb 2013/01/14 v3.01 AMS font symbols

("C:\Program Files\MiKTeX 2.9\tex/latex/amsfonts\amsfonts.sty"
Package: amsfonts 2013/01/14 v3.01 Basic AMSFonts support
\symAMSa=\mathgroup4
\symAMSb=\mathgroup5
LaTeX Font Info:    Overwriting math alphabet `\mathfrak' in version `bold'
(Font)                  U/euf/m/n --> U/euf/b/n on input line 106.
))
("C:\Program Files\MiKTeX 2.9\tex/latex/changepage\changepage.sty"
Package: changepage 2009/10/20 v1.0c check page and change page layout
\c@cp@cntr=\count103
\cp@tempcnt=\count104
)
("C:\Program Files\MiKTeX 2.9\tex/latex/base\inputenc.sty"
Package: inputenc 2018/08/11 v1.3c Input encoding file
\inpenc@prehook=\toks21
\inpenc@posthook=\toks22

("C:\Program Files\MiKTeX 2.9\tex/latex/ucs\utf8x.def"
File: utf8x.def 2004/10/17 UCS: Input encoding UTF-8
))
("C:\Program Files\MiKTeX 2.9\tex/latex/ucs\ucs.sty"
Package: ucs 2013/05/11 v2.2 UCS: Unicode input support

("C:\Program Files\MiKTeX 2.9\tex/latex/ucs\uni-global.def"
File: uni-global.def 2013/05/13 UCS: Unicode global data
)
\uc@secondtry=\count105
\uc@combtoks=\toks23
\uc@combtoksb=\toks24
\uc@temptokena=\toks25
)
("C:\Program Files\MiKTeX 2.9\tex/latex/base\textcomp.sty"
Package: textcomp 2018/08/11 v2.0j Standard LaTeX package
Package textcomp Info: Sub-encoding information:
(textcomp)               5 = only ISO-Adobe without \textcurrency
(textcomp)               4 = 5 + \texteuro
(textcomp)               3 = 4 + \textohm
(textcomp)               2 = 3 + \textestimated + \textcurrency
(textcomp)               1 = TS1 - \textcircled - \t
(textcomp)               0 = TS1 (full)
(textcomp)             Font families with sub-encoding setting implement
(textcomp)             only a restricted character set as indicated.
(textcomp)             Family '?' is the default used for unknown fonts.
(textcomp)             See the documentation for details.
Package textcomp Info: Setting ? sub-encoding to TS1/1 on input line 79.

("C:\Program Files\MiKTeX 2.9\tex/latex/base\ts1enc.def"
File: ts1enc.def 2001/06/05 v3.0e (jk/car/fm) Standard LaTeX file
)
LaTeX Info: Redefining \oldstylenums on input line 334.
Package textcomp Info: Setting cmr sub-encoding to TS1/0 on input line 349.
Package textcomp Info: Setting cmss sub-encoding to TS1/0 on input line 350.
Package textcomp Info: Setting cmtt sub-encoding to TS1/0 on input line 351.
Package textcomp Info: Setting cmvtt sub-encoding to TS1/0 on input line 352.
Package textcomp Info: Setting cmbr sub-encoding to TS1/0 on input line 353.
Package textcomp Info: Setting cmtl sub-encoding to TS1/0 on input line 354.
Package textcomp Info: Setting ccr sub-encoding to TS1/0 on input line 355.
Package textcomp Info: Setting ptm sub-encoding to TS1/4 on input line 356.
Package textcomp Info: Setting pcr sub-encoding to TS1/4 on input line 357.
Package textcomp Info: Setting phv sub-encoding to TS1/4 on input line 358.
Package textcomp Info: Setting ppl sub-encoding to TS1/3 on input line 359.
Package textcomp Info: Setting pag sub-encoding to TS1/4 on input line 360.
Package textcomp Info: Setting pbk sub-encoding to TS1/4 on input line 361.
Package textcomp Info: Setting pnc sub-encoding to TS1/4 on input line 362.
Package textcomp Info: Setting pzc sub-encoding to TS1/4 on input line 363.
Package textcomp Info: Setting bch sub-encoding to TS1/4 on input line 364.
Package textcomp Info: Setting put sub-encoding to TS1/5 on input line 365.
Package textcomp Info: Setting uag sub-encoding to TS1/5 on input line 366.
Package textcomp Info: Setting ugq sub-encoding to TS1/5 on input line 367.
Package textcomp Info: Setting ul8 sub-encoding to TS1/4 on input line 368.
Package textcomp Info: Setting ul9 sub-encoding to TS1/4 on input line 369.
Package textcomp Info: Setting augie sub-encoding to TS1/5 on input line 370.
Package textcomp Info: Setting dayrom sub-encoding to TS1/3 on input line 371.
Package textcomp Info: Setting dayroms sub-encoding to TS1/3 on input line 372.

Package textcomp Info: Setting pxr sub-encoding to TS1/0 on input line 373.
Package textcomp Info: Setting pxss sub-encoding to TS1/0 on input line 374.
Package textcomp Info: Setting pxtt sub-encoding to TS1/0 on input line 375.
Package textcomp Info: Setting txr sub-encoding to TS1/0 on input line 376.
Package textcomp Info: Setting txss sub-encoding to TS1/0 on input line 377.
Package textcomp Info: Setting txtt sub-encoding to TS1/0 on input line 378.
Package textcomp Info: Setting lmr sub-encoding to TS1/0 on input line 379.
Package textcomp Info: Setting lmdh sub-encoding to TS1/0 on input line 380.
Package textcomp Info: Setting lmss sub-encoding to TS1/0 on input line 381.
Package textcomp Info: Setting lmssq sub-encoding to TS1/0 on input line 382.
Package textcomp Info: Setting lmvtt sub-encoding to TS1/0 on input line 383.
Package textcomp Info: Setting lmtt sub-encoding to TS1/0 on input line 384.
Package textcomp Info: Setting qhv sub-encoding to TS1/0 on input line 385.
Package textcomp Info: Setting qag sub-encoding to TS1/0 on input line 386.
Package textcomp Info: Setting qbk sub-encoding to TS1/0 on input line 387.
Package textcomp Info: Setting qcr sub-encoding to TS1/0 on input line 388.
Package textcomp Info: Setting qcs sub-encoding to TS1/0 on input line 389.
Package textcomp Info: Setting qpl sub-encoding to TS1/0 on input line 390.
Package textcomp Info: Setting qtm sub-encoding to TS1/0 on input line 391.
Package textcomp Info: Setting qzc sub-encoding to TS1/0 on input line 392.
Package textcomp Info: Setting qhvc sub-encoding to TS1/0 on input line 393.
Package textcomp Info: Setting futs sub-encoding to TS1/4 on input line 394.
Package textcomp Info: Setting futx sub-encoding to TS1/4 on input line 395.
Package textcomp Info: Setting futj sub-encoding to TS1/4 on input line 396.
Package textcomp Info: Setting hlh sub-encoding to TS1/3 on input line 397.
Package textcomp Info: Setting hls sub-encoding to TS1/3 on input line 398.
Package textcomp Info: Setting hlst sub-encoding to TS1/3 on input line 399.
Package textcomp Info: Setting hlct sub-encoding to TS1/5 on input line 400.
Package textcomp Info: Setting hlx sub-encoding to TS1/5 on input line 401.
Package textcomp Info: Setting hlce sub-encoding to TS1/5 on input line 402.
Package textcomp Info: Setting hlcn sub-encoding to TS1/5 on input line 403.
Package textcomp Info: Setting hlcw sub-encoding to TS1/5 on input line 404.
Package textcomp Info: Setting hlcf sub-encoding to TS1/5 on input line 405.
Package textcomp Info: Setting pplx sub-encoding to TS1/3 on input line 406.
Package textcomp Info: Setting pplj sub-encoding to TS1/3 on input line 407.
Package textcomp Info: Setting ptmx sub-encoding to TS1/4 on input line 408.
Package textcomp Info: Setting ptmj sub-encoding to TS1/4 on input line 409.
)
("C:\Program Files\MiKTeX 2.9\tex/latex/marvosym\marvosym.sty"
Package: marvosym 2011/07/20 v2.2 Martin Vogel's Symbols font definitions
)
("C:\Program Files\MiKTeX 2.9\tex/latex/cite\cite.sty"
LaTeX Info: Redefining \cite on input line 302.
LaTeX Info: Redefining \nocite on input line 332.
Package: cite 2015/02/27  v 5.5
)
("C:\Program Files\MiKTeX 2.9\tex/latex/hyperref\nameref.sty"
Package: nameref 2016/05/21 v2.44 Cross-referencing by name of section

("C:\Program Files\MiKTeX 2.9\tex/latex/oberdiek\refcount.sty"
Package: refcount 2016/05/16 v3.5 Data extraction from label references (HO)

("C:\Program Files\MiKTeX 2.9\tex/generic/oberdiek\ltxcmds.sty"
Package: ltxcmds 2016/05/16 v1.23 LaTeX kernel commands for general use (HO)
)
("C:\Program Files\MiKTeX 2.9\tex/generic/oberdiek\infwarerr.sty"
Package: infwarerr 2016/05/16 v1.4 Providing info/warning/error messages (HO)
))
("C:\Program Files\MiKTeX 2.9\tex/generic/oberdiek\gettitlestring.sty"
Package: gettitlestring 2016/05/16 v1.5 Cleanup title references (HO)

("C:\Program Files\MiKTeX 2.9\tex/latex/oberdiek\kvoptions.sty"
Package: kvoptions 2016/05/16 v3.12 Key value format for package options (HO)

("C:\Program Files\MiKTeX 2.9\tex/generic/oberdiek\kvsetkeys.sty"
Package: kvsetkeys 2016/05/16 v1.17 Key value parser (HO)

("C:\Program Files\MiKTeX 2.9\tex/generic/oberdiek\etexcmds.sty"
Package: etexcmds 2016/05/16 v1.6 Avoid name clashes with e-TeX commands (HO)

("C:\Program Files\MiKTeX 2.9\tex/generic/oberdiek\ifluatex.sty"
Package: ifluatex 2016/05/16 v1.4 Provides the ifluatex switch (HO)
Package ifluatex Info: LuaTeX not detected.
)))))
\c@section@level=\count106
LaTeX Info: Redefining \ref on input line 355.
LaTeX Info: Redefining \pageref on input line 355.
)
("C:\Program Files\MiKTeX 2.9\tex/latex/hyperref\hyperref.sty"
Package: hyperref 2018/11/30 v6.88e Hypertext links for LaTeX

("C:\Program Files\MiKTeX 2.9\tex/generic/oberdiek\hobsub-hyperref.sty"
Package: hobsub-hyperref 2016/05/16 v1.14 Bundle oberdiek, subset hyperref (HO)


("C:\Program Files\MiKTeX 2.9\tex/generic/oberdiek\hobsub-generic.sty"
Package: hobsub-generic 2016/05/16 v1.14 Bundle oberdiek, subset generic (HO)
Package: hobsub 2016/05/16 v1.14 Construct package bundles (HO)
Package hobsub Info: Skipping package `infwarerr' (already loaded).
Package hobsub Info: Skipping package `ltxcmds' (already loaded).
Package hobsub Info: Skipping package `ifluatex' (already loaded).
Package hobsub Info: Skipping package `ifvtex' (already loaded).
Package: intcalc 2016/05/16 v1.2 Expandable calculations with integers (HO)
Package hobsub Info: Skipping package `ifpdf' (already loaded).
Package hobsub Info: Skipping package `etexcmds' (already loaded).
Package hobsub Info: Skipping package `kvsetkeys' (already loaded).
Package: kvdefinekeys 2016/05/16 v1.4 Define keys (HO)
Package: pdftexcmds 2018/09/10 v0.29 Utility functions of pdfTeX for LuaTeX (HO
)
Package pdftexcmds Info: LuaTeX not detected.
Package pdftexcmds Info: \pdf@primitive is available.
Package pdftexcmds Info: \pdf@ifprimitive is available.
Package pdftexcmds Info: \pdfdraftmode found.
Package: pdfescape 2016/05/16 v1.14 Implements pdfTeX's escape features (HO)
Package: bigintcalc 2016/05/16 v1.4 Expandable calculations on big integers (HO
)
Package: bitset 2016/05/16 v1.2 Handle bit-vector datatype (HO)
Package: uniquecounter 2016/05/16 v1.3 Provide unlimited unique counter (HO)
)
Package hobsub Info: Skipping package `hobsub' (already loaded).
Package: letltxmacro 2016/05/16 v1.5 Let assignment for LaTeX macros (HO)
Package: hopatch 2016/05/16 v1.3 Wrapper for package hooks (HO)
Package: xcolor-patch 2016/05/16 xcolor patch
Package: atveryend 2016/05/16 v1.9 Hooks at the very end of document (HO)
Package atveryend Info: \enddocument detected (standard20110627).
Package: atbegshi 2016/06/09 v1.18 At begin shipout hook (HO)
Package hobsub Info: Skipping package `refcount' (already loaded).
Package: hycolor 2016/05/16 v1.8 Color options for hyperref/bookmark (HO)
)
("C:\Program Files\MiKTeX 2.9\tex/latex/oberdiek\auxhook.sty"
Package: auxhook 2016/05/16 v1.4 Hooks for auxiliary files (HO)
)
\@linkdim=\dimen126
\Hy@linkcounter=\count107
\Hy@pagecounter=\count108

("C:\Program Files\MiKTeX 2.9\tex/latex/hyperref\pd1enc.def"
File: pd1enc.def 2018/11/30 v6.88e Hyperref: PDFDocEncoding definition (HO)
)
\Hy@SavedSpaceFactor=\count109

("C:\Program Files\MiKTeX 2.9\tex/latex/00miktex\hyperref.cfg"
File: hyperref.cfg 2002/06/06 v1.2 hyperref configuration of TeXLive
)
Package hyperref Info: Hyper figures OFF on input line 4519.
Package hyperref Info: Link nesting OFF on input line 4524.
Package hyperref Info: Hyper index ON on input line 4527.
Package hyperref Info: Plain pages OFF on input line 4534.
Package hyperref Info: Backreferencing OFF on input line 4539.
Package hyperref Info: Implicit mode ON; LaTeX internals redefined.
Package hyperref Info: Bookmarks ON on input line 4772.
\c@Hy@tempcnt=\count110

("C:\Program Files\MiKTeX 2.9\tex/latex/url\url.sty"
\Urlmuskip=\muskip11
Package: url 2013/09/16  ver 3.4  Verb mode for urls, etc.
)
LaTeX Info: Redefining \url on input line 5125.
\XeTeXLinkMargin=\dimen127
\Fld@menulength=\count111
\Field@Width=\dimen128
\Fld@charsize=\dimen129
Package hyperref Info: Hyper figures OFF on input line 6380.
Package hyperref Info: Link nesting OFF on input line 6385.
Package hyperref Info: Hyper index ON on input line 6388.
Package hyperref Info: backreferencing OFF on input line 6395.
Package hyperref Info: Link coloring OFF on input line 6400.
Package hyperref Info: Link coloring with OCG OFF on input line 6405.
Package hyperref Info: PDF/A mode OFF on input line 6410.
LaTeX Info: Redefining \ref on input line 6450.
LaTeX Info: Redefining \pageref on input line 6454.
\Hy@abspage=\count112
\c@Item=\count113
\c@Hfootnote=\count114
)
Package hyperref Info: Driver (autodetected): hpdftex.

("C:\Program Files\MiKTeX 2.9\tex/latex/hyperref\hpdftex.def"
File: hpdftex.def 2018/11/30 v6.88e Hyperref driver for pdfTeX
\Fld@listcount=\count115
\c@bookmark@seq@number=\count116

("C:\Program Files\MiKTeX 2.9\tex/latex/oberdiek\rerunfilecheck.sty"
Package: rerunfilecheck 2016/05/16 v1.8 Rerun checks for auxiliary files (HO)
Package uniquecounter Info: New unique counter `rerunfilecheck' on input line 2
82.
)
\Hy@SectionHShift=\skip47
)
("C:\Program Files\MiKTeX 2.9\tex/latex/lineno\lineno.sty"
Package: lineno 2005/11/02 line numbers on paragraphs v4.41
\linenopenalty=\count117
\output=\toks26
\linenoprevgraf=\count118
\linenumbersep=\dimen130
\linenumberwidth=\dimen131
\c@linenumber=\count119
\c@pagewiselinenumber=\count120
\c@LN@truepage=\count121
\c@internallinenumber=\count122
\c@internallinenumbers=\count123
\quotelinenumbersep=\dimen132
\bframerule=\dimen133
\bframesep=\dimen134
\bframebox=\box29
LaTeX Info: Redefining \\ on input line 3056.
)
("C:\Program Files\MiKTeX 2.9\tex/latex/microtype\microtype.sty"
Package: microtype 2019/02/28 v2.7b Micro-typographical refinements (RS)
\MT@toks=\toks27
\MT@count=\count124
LaTeX Info: Redefining \textls on input line 790.
\MT@outer@kern=\dimen135
LaTeX Info: Redefining \textmicrotypecontext on input line 1336.
\MT@listname@count=\count125

("C:\Program Files\MiKTeX 2.9\tex/latex/microtype\microtype-pdftex.def"
File: microtype-pdftex.def 2019/02/28 v2.7b Definitions specific to pdftex (RS)

LaTeX Info: Redefining \lsstyle on input line 914.
LaTeX Info: Redefining \lslig on input line 914.
\MT@outer@space=\skip48
)
Package microtype Info: Loading configuration file microtype.cfg.

("C:\Program Files\MiKTeX 2.9\tex/latex/microtype\microtype.cfg"
File: microtype.cfg 2019/02/28 v2.7b microtype main configuration file (RS)
))
("C:\Program Files\MiKTeX 2.9\tex/latex/xcolor\xcolor.sty"
Package: xcolor 2016/05/11 v2.12 LaTeX color extensions (UK)

("C:\Program Files\MiKTeX 2.9\tex/latex/graphics-cfg\color.cfg"
File: color.cfg 2016/01/02 v1.6 sample color configuration
)
Package xcolor Info: Driver file: pdftex.def on input line 225.

("C:\Program Files\MiKTeX 2.9\tex/latex/colortbl\colortbl.sty"
Package: colortbl 2018/12/12 v1.0d Color table columns (DPC)

("C:\Program Files\MiKTeX 2.9\tex/latex/tools\array.sty"
Package: array 2018/12/30 v2.4k Tabular extension package (FMi)
\col@sep=\dimen136
\ar@mcellbox=\box30
\extrarowheight=\dimen137
\NC@list=\toks28
\extratabsurround=\skip49
\backup@length=\skip50
\ar@cellbox=\box31
)
\everycr=\toks29
\minrowclearance=\skip51
)
LaTeX Info: Redefining \color on input line 709.
\rownum=\count126
Package xcolor Info: Model `cmy' substituted by `cmy0' on input line 1348.
Package xcolor Info: Model `hsb' substituted by `rgb' on input line 1352.
Package xcolor Info: Model `RGB' extended on input line 1364.
Package xcolor Info: Model `HTML' substituted by `rgb' on input line 1366.
Package xcolor Info: Model `Hsb' substituted by `hsb' on input line 1367.
Package xcolor Info: Model `tHsb' substituted by `hsb' on input line 1368.
Package xcolor Info: Model `HSB' substituted by `hsb' on input line 1369.
Package xcolor Info: Model `Gray' substituted by `gray' on input line 1370.
Package xcolor Info: Model `wave' substituted by `hsb' on input line 1371.
)
("C:\Program Files\MiKTeX 2.9\tex/latex/adjustbox\adjustbox.sty"
Package: adjustbox 2019/01/04 v1.2 Adjusting TeX boxes (trim, clip, ...)

("C:\Program Files\MiKTeX 2.9\tex/latex/xkeyval\xkeyval.sty"
Package: xkeyval 2014/12/03 v2.7a package option processing (HA)

("C:\Program Files\MiKTeX 2.9\tex/generic/xkeyval\xkeyval.tex"
("C:\Program Files\MiKTeX 2.9\tex/generic/xkeyval\xkvutils.tex"
\XKV@toks=\toks30
\XKV@tempa@toks=\toks31
)
\XKV@depth=\count127
File: xkeyval.tex 2014/12/03 v2.7a key=value parser (HA)
))
("C:\Program Files\MiKTeX 2.9\tex/latex/adjustbox\adjcalc.sty"
Package: adjcalc 2012/05/16 v1.1 Provides advanced setlength with multiple back
-ends (calc, etex, pgfmath)
)
("C:\Program Files\MiKTeX 2.9\tex/latex/adjustbox\trimclip.sty"
Package: trimclip 2018/04/08 v1.1 Trim and clip general TeX material

("C:\Program Files\MiKTeX 2.9\tex/latex/collectbox\collectbox.sty"
Package: collectbox 2012/05/17 v0.4b Collect macro arguments as boxes
\collectedbox=\box32
)
\tc@llx=\dimen138
\tc@lly=\dimen139
\tc@urx=\dimen140
\tc@ury=\dimen141
Package trimclip Info: Using driver 'tc-pdftex.def'.

("C:\Program Files\MiKTeX 2.9\tex/latex/adjustbox\tc-pdftex.def"
File: tc-pdftex.def 2019/01/04 v2.2 Clipping driver for pdftex
))
\adjbox@Width=\dimen142
\adjbox@Height=\dimen143
\adjbox@Depth=\dimen144
\adjbox@Totalheight=\dimen145
\adjbox@pwidth=\dimen146
\adjbox@pheight=\dimen147
\adjbox@pdepth=\dimen148
\adjbox@ptotalheight=\dimen149

("C:\Program Files\MiKTeX 2.9\tex/latex/ifoddpage\ifoddpage.sty"
Package: ifoddpage 2016/04/23 v1.1 Conditionals for odd/even page detection
\c@checkoddpage=\count128
LaTeX Info: Redefining \checkoddpage on input line 45.
)
("C:\Program Files\MiKTeX 2.9\tex/latex/varwidth\varwidth.sty"
Package: varwidth 2009/03/30 ver 0.92;  Variable-width minipages
\@vwid@box=\box33
\sift@deathcycles=\count129
\@vwid@loff=\dimen150
\@vwid@roff=\dimen151
))
("C:\Program Files\MiKTeX 2.9\tex/latex/tools\bm.sty"
Package: bm 2017/01/16 v1.2c Bold Symbol Support (DPC/FMi)
\symboldoperators=\mathgroup6
\symboldletters=\mathgroup7
\symboldsymbols=\mathgroup8
LaTeX Font Info:    Redeclaring math alphabet \mathbf on input line 141.
LaTeX Info: Redefining \bm on input line 207.
)
("C:\Program Files\MiKTeX 2.9\tex/latex/pgf/frontendlayer\tikz.sty"
("C:\Program Files\MiKTeX 2.9\tex/latex/pgf/basiclayer\pgf.sty"
("C:\Program Files\MiKTeX 2.9\tex/latex/pgf/utilities\pgfrcs.sty"
("C:\Program Files\MiKTeX 2.9\tex/generic/pgf/utilities\pgfutil-common.tex"
\pgfutil@everybye=\toks32
\pgfutil@tempdima=\dimen152
\pgfutil@tempdimb=\dimen153

("C:\Program Files\MiKTeX 2.9\tex/generic/pgf/utilities\pgfutil-common-lists.te
x")) ("C:\Program Files\MiKTeX 2.9\tex/generic/pgf/utilities\pgfutil-latex.def"
\pgfutil@abb=\box34
("C:\Program Files\MiKTeX 2.9\tex/latex/ms\everyshi.sty"
Package: everyshi 2001/05/15 v3.00 EveryShipout Package (MS)
))
("C:\Program Files\MiKTeX 2.9\tex/generic/pgf/utilities\pgfrcs.code.tex"
("C:\Program Files\MiKTeX 2.9\tex/generic/pgf\pgf.revision.tex")
Package: pgfrcs 2019/02/02 v3.1.1 (3.1.1)
))
Package: pgf 2019/02/02 v3.1.1 (3.1.1)

("C:\Program Files\MiKTeX 2.9\tex/latex/pgf/basiclayer\pgfcore.sty"
("C:\Program Files\MiKTeX 2.9\tex/latex/pgf/systemlayer\pgfsys.sty"
("C:\Program Files\MiKTeX 2.9\tex/generic/pgf/systemlayer\pgfsys.code.tex"
Package: pgfsys 2019/02/02 v3.1.1 (3.1.1)

("C:\Program Files\MiKTeX 2.9\tex/generic/pgf/utilities\pgfkeys.code.tex"
\pgfkeys@pathtoks=\toks33
\pgfkeys@temptoks=\toks34

("C:\Program Files\MiKTeX 2.9\tex/generic/pgf/utilities\pgfkeysfiltered.code.te
x"
\pgfkeys@tmptoks=\toks35
))
\pgf@x=\dimen154
\pgf@y=\dimen155
\pgf@xa=\dimen156
\pgf@ya=\dimen157
\pgf@xb=\dimen158
\pgf@yb=\dimen159
\pgf@xc=\dimen160
\pgf@yc=\dimen161
\w@pgf@writea=\write3
\r@pgf@reada=\read1
\c@pgf@counta=\count130
\c@pgf@countb=\count131
\c@pgf@countc=\count132
\c@pgf@countd=\count133
\t@pgf@toka=\toks36
\t@pgf@tokb=\toks37
\t@pgf@tokc=\toks38
\pgf@sys@id@count=\count134
 ("C:\Program Files\MiKTeX 2.9\tex/generic/pgf/systemlayer\pgf.cfg"
File: pgf.cfg 2019/02/02 v3.1.1 (3.1.1)
)
Driver file for pgf: pgfsys-pdftex.def

("C:\Program Files\MiKTeX 2.9\tex/generic/pgf/systemlayer\pgfsys-pdftex.def"
File: pgfsys-pdftex.def 2019/02/02 v3.1.1 (3.1.1)

("C:\Program Files\MiKTeX 2.9\tex/generic/pgf/systemlayer\pgfsys-common-pdf.def
"
File: pgfsys-common-pdf.def 2019/02/02 v3.1.1 (3.1.1)
)))
("C:\Program Files\MiKTeX 2.9\tex/generic/pgf/systemlayer\pgfsyssoftpath.code.t
ex"
File: pgfsyssoftpath.code.tex 2019/02/02 v3.1.1 (3.1.1)
\pgfsyssoftpath@smallbuffer@items=\count135
\pgfsyssoftpath@bigbuffer@items=\count136
)
("C:\Program Files\MiKTeX 2.9\tex/generic/pgf/systemlayer\pgfsysprotocol.code.t
ex"
File: pgfsysprotocol.code.tex 2019/02/02 v3.1.1 (3.1.1)
)) ("C:\Program Files\MiKTeX 2.9\tex/generic/pgf/basiclayer\pgfcore.code.tex"
Package: pgfcore 2019/02/02 v3.1.1 (3.1.1)
 ("C:\Program Files\MiKTeX 2.9\tex/generic/pgf/math\pgfmath.code.tex"
("C:\Program Files\MiKTeX 2.9\tex/generic/pgf/math\pgfmathcalc.code.tex"
("C:\Program Files\MiKTeX 2.9\tex/generic/pgf/math\pgfmathutil.code.tex")
("C:\Program Files\MiKTeX 2.9\tex/generic/pgf/math\pgfmathparser.code.tex"
\pgfmath@dimen=\dimen162
\pgfmath@count=\count137
\pgfmath@box=\box35
\pgfmath@toks=\toks39
\pgfmath@stack@operand=\toks40
\pgfmath@stack@operation=\toks41
)
("C:\Program Files\MiKTeX 2.9\tex/generic/pgf/math\pgfmathfunctions.code.tex"
("C:\Program Files\MiKTeX 2.9\tex/generic/pgf/math\pgfmathfunctions.basic.code.
tex")
("C:\Program Files\MiKTeX 2.9\tex/generic/pgf/math\pgfmathfunctions.trigonometr
ic.code.tex")
("C:\Program Files\MiKTeX 2.9\tex/generic/pgf/math\pgfmathfunctions.random.code
.tex")
("C:\Program Files\MiKTeX 2.9\tex/generic/pgf/math\pgfmathfunctions.comparison.
code.tex")
("C:\Program Files\MiKTeX 2.9\tex/generic/pgf/math\pgfmathfunctions.base.code.t
ex")
("C:\Program Files\MiKTeX 2.9\tex/generic/pgf/math\pgfmathfunctions.round.code.
tex")
("C:\Program Files\MiKTeX 2.9\tex/generic/pgf/math\pgfmathfunctions.misc.code.t
ex")
("C:\Program Files\MiKTeX 2.9\tex/generic/pgf/math\pgfmathfunctions.integerarit
hmetics.code.tex")))
("C:\Program Files\MiKTeX 2.9\tex/generic/pgf/math\pgfmathfloat.code.tex"
\c@pgfmathroundto@lastzeros=\count138
))
("C:\Program Files\MiKTeX 2.9\tex/generic/pgf/basiclayer\pgfcorepoints.code.tex
"
File: pgfcorepoints.code.tex 2019/02/02 v3.1.1 (3.1.1)
\pgf@picminx=\dimen163
\pgf@picmaxx=\dimen164
\pgf@picminy=\dimen165
\pgf@picmaxy=\dimen166
\pgf@pathminx=\dimen167
\pgf@pathmaxx=\dimen168
\pgf@pathminy=\dimen169
\pgf@pathmaxy=\dimen170
\pgf@xx=\dimen171
\pgf@xy=\dimen172
\pgf@yx=\dimen173
\pgf@yy=\dimen174
\pgf@zx=\dimen175
\pgf@zy=\dimen176
)
("C:\Program Files\MiKTeX 2.9\tex/generic/pgf/basiclayer\pgfcorepathconstruct.c
ode.tex"
File: pgfcorepathconstruct.code.tex 2019/02/02 v3.1.1 (3.1.1)
\pgf@path@lastx=\dimen177
\pgf@path@lasty=\dimen178
)
("C:\Program Files\MiKTeX 2.9\tex/generic/pgf/basiclayer\pgfcorepathusage.code.
tex"
File: pgfcorepathusage.code.tex 2019/02/02 v3.1.1 (3.1.1)
\pgf@shorten@end@additional=\dimen179
\pgf@shorten@start@additional=\dimen180
)
("C:\Program Files\MiKTeX 2.9\tex/generic/pgf/basiclayer\pgfcorescopes.code.tex
"
File: pgfcorescopes.code.tex 2019/02/02 v3.1.1 (3.1.1)
\pgfpic=\box36
\pgf@hbox=\box37
\pgf@layerbox@main=\box38
\pgf@picture@serial@count=\count139
)
("C:\Program Files\MiKTeX 2.9\tex/generic/pgf/basiclayer\pgfcoregraphicstate.co
de.tex"
File: pgfcoregraphicstate.code.tex 2019/02/02 v3.1.1 (3.1.1)
\pgflinewidth=\dimen181
)
("C:\Program Files\MiKTeX 2.9\tex/generic/pgf/basiclayer\pgfcoretransformations
.code.tex"
File: pgfcoretransformations.code.tex 2019/02/02 v3.1.1 (3.1.1)
\pgf@pt@x=\dimen182
\pgf@pt@y=\dimen183
\pgf@pt@temp=\dimen184
)
("C:\Program Files\MiKTeX 2.9\tex/generic/pgf/basiclayer\pgfcorequick.code.tex"
File: pgfcorequick.code.tex 2019/02/02 v3.1.1 (3.1.1)
)
("C:\Program Files\MiKTeX 2.9\tex/generic/pgf/basiclayer\pgfcoreobjects.code.te
x"
File: pgfcoreobjects.code.tex 2019/02/02 v3.1.1 (3.1.1)
)
("C:\Program Files\MiKTeX 2.9\tex/generic/pgf/basiclayer\pgfcorepathprocessing.
code.tex"
File: pgfcorepathprocessing.code.tex 2019/02/02 v3.1.1 (3.1.1)
)
("C:\Program Files\MiKTeX 2.9\tex/generic/pgf/basiclayer\pgfcorearrows.code.tex
"
File: pgfcorearrows.code.tex 2019/02/02 v3.1.1 (3.1.1)
\pgfarrowsep=\dimen185
)
("C:\Program Files\MiKTeX 2.9\tex/generic/pgf/basiclayer\pgfcoreshade.code.tex"
File: pgfcoreshade.code.tex 2019/02/02 v3.1.1 (3.1.1)
\pgf@max=\dimen186
\pgf@sys@shading@range@num=\count140
) ("C:\Program Files\MiKTeX 2.9\tex/generic/pgf/basiclayer\pgfcoreimage.code.te
x"
File: pgfcoreimage.code.tex 2019/02/02 v3.1.1 (3.1.1)

("C:\Program Files\MiKTeX 2.9\tex/generic/pgf/basiclayer\pgfcoreexternal.code.t
ex"
File: pgfcoreexternal.code.tex 2019/02/02 v3.1.1 (3.1.1)
\pgfexternal@startupbox=\box39
))
("C:\Program Files\MiKTeX 2.9\tex/generic/pgf/basiclayer\pgfcorelayers.code.tex
"
File: pgfcorelayers.code.tex 2019/02/02 v3.1.1 (3.1.1)
)
("C:\Program Files\MiKTeX 2.9\tex/generic/pgf/basiclayer\pgfcoretransparency.co
de.tex"
File: pgfcoretransparency.code.tex 2019/02/02 v3.1.1 (3.1.1)
)
("C:\Program Files\MiKTeX 2.9\tex/generic/pgf/basiclayer\pgfcorepatterns.code.t
ex"
File: pgfcorepatterns.code.tex 2019/02/02 v3.1.1 (3.1.1)
)
("C:\Program Files\MiKTeX 2.9\tex/generic/pgf/basiclayer\pgfcorerdf.code.tex"
File: pgfcorerdf.code.tex 2019/02/02 v3.1.1 (3.1.1)
))) ("C:\Program Files\MiKTeX 2.9\tex/generic/pgf/modules\pgfmoduleshapes.code.
tex"
File: pgfmoduleshapes.code.tex 2019/02/02 v3.1.1 (3.1.1)
\pgfnodeparttextbox=\box40
) ("C:\Program Files\MiKTeX 2.9\tex/generic/pgf/modules\pgfmoduleplot.code.tex"
File: pgfmoduleplot.code.tex 2019/02/02 v3.1.1 (3.1.1)
)
("C:\Program Files\MiKTeX 2.9\tex/latex/pgf/compatibility\pgfcomp-version-0-65.
sty"
Package: pgfcomp-version-0-65 2019/02/02 v3.1.1 (3.1.1)
\pgf@nodesepstart=\dimen187
\pgf@nodesepend=\dimen188
)
("C:\Program Files\MiKTeX 2.9\tex/latex/pgf/compatibility\pgfcomp-version-1-18.
sty"
Package: pgfcomp-version-1-18 2019/02/02 v3.1.1 (3.1.1)
)) ("C:\Program Files\MiKTeX 2.9\tex/latex/pgf/utilities\pgffor.sty"
("C:\Program Files\MiKTeX 2.9\tex/latex/pgf/utilities\pgfkeys.sty"
("C:\Program Files\MiKTeX 2.9\tex/generic/pgf/utilities\pgfkeys.code.tex"))
("C:\Program Files\MiKTeX 2.9\tex/latex/pgf/math\pgfmath.sty"
("C:\Program Files\MiKTeX 2.9\tex/generic/pgf/math\pgfmath.code.tex"))
("C:\Program Files\MiKTeX 2.9\tex/generic/pgf/utilities\pgffor.code.tex"
Package: pgffor 2019/02/02 v3.1.1 (3.1.1)

("C:\Program Files\MiKTeX 2.9\tex/generic/pgf/math\pgfmath.code.tex")
\pgffor@iter=\dimen189
\pgffor@skip=\dimen190
\pgffor@stack=\toks42
\pgffor@toks=\toks43
))
("C:\Program Files\MiKTeX 2.9\tex/generic/pgf/frontendlayer/tikz\tikz.code.tex"
Package: tikz 2019/02/02 v3.1.1 (3.1.1)

("C:\Program Files\MiKTeX 2.9\tex/generic/pgf/libraries\pgflibraryplothandlers.
code.tex"
File: pgflibraryplothandlers.code.tex 2019/02/02 v3.1.1 (3.1.1)
\pgf@plot@mark@count=\count141
\pgfplotmarksize=\dimen191
)
\tikz@lastx=\dimen192
\tikz@lasty=\dimen193
\tikz@lastxsaved=\dimen194
\tikz@lastysaved=\dimen195
\tikzleveldistance=\dimen196
\tikzsiblingdistance=\dimen197
\tikz@figbox=\box41
\tikz@figbox@bg=\box42
\tikz@tempbox=\box43
\tikz@tempbox@bg=\box44
\tikztreelevel=\count142
\tikznumberofchildren=\count143
\tikznumberofcurrentchild=\count144
\tikz@fig@count=\count145

("C:\Program Files\MiKTeX 2.9\tex/generic/pgf/modules\pgfmodulematrix.code.tex"
File: pgfmodulematrix.code.tex 2019/02/02 v3.1.1 (3.1.1)
\pgfmatrixcurrentrow=\count146
\pgfmatrixcurrentcolumn=\count147
\pgf@matrix@numberofcolumns=\count148
)
\tikz@expandcount=\count149

("C:\Program Files\MiKTeX 2.9\tex/generic/pgf/frontendlayer/tikz/libraries\tikz
librarytopaths.code.tex"
File: tikzlibrarytopaths.code.tex 2019/02/02 v3.1.1 (3.1.1)
)))
("C:\Program Files\MiKTeX 2.9\tex/latex/arydshln\arydshln.sty"
Package: arydshln 2019/02/21 v1.76 
\dashlinedash=\dimen198
\dashlinegap=\dimen199
\adl@box=\box45
\adl@height=\dimen256
\adl@heightsave=\dimen257
\adl@depth=\dimen258
\adl@depthsave=\dimen259
\adl@finaldepth=\dimen260
\adl@columns=\count150
\adl@ncol=\count151
\adl@currentcolumn=\count152
\adl@currentcolumnsave=\count153
\adl@totalheight=\count154
\adl@totalheightsave=\count155
\adl@dash=\count156
\adl@gap=\count157
\adl@cla=\count158
\adl@clb=\count159
\adl@everyvbox=\toks44
\adl@LTpagetotal=\dimen261
)
("C:\Program Files\MiKTeX 2.9\tex/latex/float\float.sty"
Package: float 2001/11/08 v1.3d Float enhancements (AL)
\c@float@type=\count160
\float@exts=\toks45
\float@box=\box46
\@float@everytoks=\toks46
\@floatcapt=\box47
)
("C:\Program Files\MiKTeX 2.9\tex/latex/wrapfig\wrapfig.sty"
\wrapoverhang=\dimen262
\WF@size=\dimen263
\c@WF@wrappedlines=\count161
\WF@box=\box48
\WF@everypar=\toks47
Package: wrapfig 2003/01/31  v 3.6
)
\savedwidth=\skip52

("C:\Program Files\MiKTeX 2.9\tex/latex/caption\caption.sty"
Package: caption 2018/10/06 v3.3-154 Customizing captions (AR)

("C:\Program Files\MiKTeX 2.9\tex/latex/caption\caption3.sty"
Package: caption3 2018/09/12 v1.8c caption3 kernel (AR)
Package caption3 Info: TeX engine: e-TeX on input line 64.
\captionmargin=\dimen264
\captionmargin@=\dimen265
\captionwidth=\dimen266
\caption@tempdima=\dimen267
\caption@indent=\dimen268
\caption@parindent=\dimen269
\caption@hangindent=\dimen270
)
\c@caption@flags=\count162
\c@ContinuedFloat=\count163
Package caption Info: float package is loaded.
Package caption Info: hyperref package is loaded.
Package caption Info: wrapfig package is loaded.
)
\c@theorem=\count164
\c@definition=\count165

("C:\Program Files\MiKTeX 2.9\tex/latex/lastpage\lastpage.sty"
Package: lastpage 2015/03/29 v1.2m Refers to last page's name (HMM; JPG)
)
("C:\Program Files\MiKTeX 2.9\tex/latex/fancyhdr\fancyhdr.sty"
Package: fancyhdr 2019/01/31 v3.10 Extensive control of page headers and footer
s
\f@nch@headwidth=\skip53
\f@nch@O@elh=\skip54
\f@nch@O@erh=\skip55
\f@nch@O@olh=\skip56
\f@nch@O@orh=\skip57
\f@nch@O@elf=\skip58
\f@nch@O@erf=\skip59
\f@nch@O@olf=\skip60
\f@nch@O@orf=\skip61
)
("C:\Program Files\MiKTeX 2.9\tex/latex/oberdiek\epstopdf.sty"
Package: epstopdf 2016/05/15 v2.6 Conversion with epstopdf on the fly (HO)

("C:\Program Files\MiKTeX 2.9\tex/latex/oberdiek\epstopdf-base.sty"
Package: epstopdf-base 2016/05/15 v2.6 Base part for package epstopdf

("C:\Program Files\MiKTeX 2.9\tex/latex/oberdiek\grfext.sty"
Package: grfext 2016/05/16 v1.2 Manage graphics extensions (HO)
)
Package epstopdf-base Info: Redefining graphics rule for `.eps' on input line 4
38.
Package grfext Info: Graphics extension search list:
(grfext)             [.pdf,.png,.jpg,.mps,.jpeg,.jbig2,.jb2,.PDF,.PNG,.JPG,.JPE
G,.JBIG2,.JB2,.eps]
(grfext)             \AppendGraphicsExtensions on input line 456.
))
\@float@every@figure=\toks48

("C:\Program Files\MiKTeX 2.9\tex/latex/upquote\upquote.sty"
Package: upquote 2012/04/19 v1.3 upright-quote and grave-accent glyphs in verba
tim
) (supplement2.aux)
\openout1 = `supplement2.aux'.

LaTeX Font Info:    Checking defaults for OML/cmm/m/it on input line 200.
LaTeX Font Info:    ... okay on input line 200.
LaTeX Font Info:    Checking defaults for T1/cmr/m/n on input line 200.
LaTeX Font Info:    ... okay on input line 200.
LaTeX Font Info:    Checking defaults for OT1/cmr/m/n on input line 200.
LaTeX Font Info:    ... okay on input line 200.
LaTeX Font Info:    Checking defaults for OMS/cmsy/m/n on input line 200.
LaTeX Font Info:    ... okay on input line 200.
LaTeX Font Info:    Checking defaults for OMX/cmex/m/n on input line 200.
LaTeX Font Info:    ... okay on input line 200.
LaTeX Font Info:    Checking defaults for U/cmr/m/n on input line 200.
LaTeX Font Info:    ... okay on input line 200.
LaTeX Font Info:    Checking defaults for TS1/cmr/m/n on input line 200.
LaTeX Font Info:    Try loading font information for TS1+cmr on input line 200.

("C:\Program Files\MiKTeX 2.9\tex/latex/base\ts1cmr.fd"
File: ts1cmr.fd 2014/09/29 v2.5h Standard LaTeX font definitions
)
LaTeX Font Info:    ... okay on input line 200.
LaTeX Font Info:    Checking defaults for PD1/pdf/m/n on input line 200.
LaTeX Font Info:    ... okay on input line 200.

("C:\Program Files\MiKTeX 2.9\tex/context/base/mkii\supp-pdf.mkii"
[Loading MPS to PDF converter (version 2006.09.02).]
\scratchcounter=\count166
\scratchdimen=\dimen271
\scratchbox=\box49
\nofMPsegments=\count167
\nofMParguments=\count168
\everyMPshowfont=\toks49
\MPscratchCnt=\count169
\MPscratchDim=\dimen272
\MPnumerator=\count170
\makeMPintoPDFobject=\count171
\everyMPtoPDFconversion=\toks50
)
*geometry* driver: auto-detecting
*geometry* detected driver: pdftex
*geometry* verbose mode - [ preamble ] result:
* driver: pdftex
* paper: letterpaper
* layout: <same size as paper>
* layoutoffset:(h,v)=(0.0pt,0.0pt)
* modes: 
* h-part:(L,W,R)=(126.47249pt, 395.67732pt, 92.14519pt)
* v-part:(T,H,B)=(61.42993pt, 638.14268pt, 95.39737pt)
* \paperwidth=614.295pt
* \paperheight=794.96999pt
* \textwidth=379.4175pt
* \textheight=632.36249pt
* \oddsidemargin=54.2025pt
* \evensidemargin=54.2025pt
* \topmargin=-47.84006pt
* \headheight=12.0pt
* \headsep=25.0pt
* \topskip=10.0pt
* \footskip=54.2025pt
* \marginparwidth=65.0pt
* \marginparsep=11.0pt
* \columnsep=10.0pt
* \skip\footins=9.0pt plus 4.0pt minus 2.0pt
* \hoffset=0.0pt
* \voffset=0.0pt
* \mag=1000
* \@twocolumnfalse
* \@twosidefalse
* \@mparswitchfalse
* \@reversemarginfalse
* (1in=72.27pt=25.4mm, 1cm=28.453pt)

("C:\Program Files\MiKTeX 2.9\tex/latex/ucs\ucsencs.def"
File: ucsencs.def 2011/01/21 Fixes to fontencodings LGR, T3
)
\AtBeginShipoutBox=\box50
Package hyperref Info: Link coloring OFF on input line 200.
LaTeX Info: Redefining \ref on input line 200.
LaTeX Info: Redefining \pageref on input line 200.
LaTeX Info: Redefining \nameref on input line 200.
 (supplement2.out)
(supplement2.out)
\@outlinefile=\write4
\openout4 = `supplement2.out'.

LaTeX Info: Redefining \microtypecontext on input line 200.
Package microtype Info: Generating PDF output.
Package microtype Info: Character protrusion enabled (level 2).
Package microtype Info: Using default protrusion set `alltext'.
Package microtype Info: Automatic font expansion enabled (level 2),
(microtype)             stretch: 20, shrink: 20, step: 1, non-selected.
Package microtype Info: Using default expansion set `basictext'.
Package microtype Info: No adjustment of tracking.
Package microtype Info: No adjustment of interword spacing.
Package microtype Info: No adjustment of character kerning.
 ("C:\Program Files\MiKTeX 2.9\tex/latex/microtype\mt-cmr.cfg"
File: mt-cmr.cfg 2013/05/19 v2.2 microtype config. file: Computer Modern Roman 
(RS)
) ABD: EveryShipout initializing macros
Package caption Info: Begin \AtBeginDocument code.
Package caption Info: End \AtBeginDocument code.
Package lastpage Info: Please have a look at the pageslts package at
(lastpage)             https://www.ctan.org/pkg/pageslts
(lastpage)             ! on input line 200.
<manhattan-distance_hist_GSE26585.pdf, id=6, 867.24pt x 433.62pt>
File: manhattan-distance_hist_GSE26585.pdf Graphic file (type pdf)
<use manhattan-distance_hist_GSE26585.pdf>
Package pdftex.def Info: manhattan-distance_hist_GSE26585.pdf  used on input li
ne 210.
(pdftex.def)             Requested size: 379.4175pt x 189.70828pt.
<manhattan-distance_hist_GSE488.pdf, id=7, 867.24pt x 433.62pt>
File: manhattan-distance_hist_GSE488.pdf Graphic file (type pdf)
<use manhattan-distance_hist_GSE488.pdf>
Package pdftex.def Info: manhattan-distance_hist_GSE488.pdf  used on input line
 215.
(pdftex.def)             Requested size: 379.4175pt x 189.70828pt.
<manhattan-distance_hist_GSE100642.pdf, id=8, 867.24pt x 433.62pt>
File: manhattan-distance_hist_GSE100642.pdf Graphic file (type pdf)
<use manhattan-distance_hist_GSE100642.pdf>
Package pdftex.def Info: manhattan-distance_hist_GSE100642.pdf  used on input l
ine 220.
(pdftex.def)             Requested size: 379.4175pt x 189.70828pt.
 [1

{C:/Users/bdawk/AppData/Local/MiKTeX/2.9/pdftex/config/pdftex.map} <./manhattan
-distance_hist_GSE26585.pdf> <./manhattan-distance_hist_GSE488.pdf>]
<manhattan-distance_hist_GSE10072.pdf, id=41, 867.24pt x 433.62pt>
File: manhattan-distance_hist_GSE10072.pdf Graphic file (type pdf)
<use manhattan-distance_hist_GSE10072.pdf>
Package pdftex.def Info: manhattan-distance_hist_GSE10072.pdf  used on input li
ne 225.
(pdftex.def)             Requested size: 379.4175pt x 189.70828pt.
<manhattan-distance_hist_GSE103184.pdf, id=42, 867.24pt x 433.62pt>
File: manhattan-distance_hist_GSE103184.pdf Graphic file (type pdf)
<use manhattan-distance_hist_GSE103184.pdf>
Package pdftex.def Info: manhattan-distance_hist_GSE103184.pdf  used on input l
ine 230.
(pdftex.def)             Requested size: 379.4175pt x 189.70828pt.
 [2 <./manhattan-distance_hist_GSE100642.pdf> <./manhattan-distance_hist_GSE100
72.pdf>]
<manhattan-distance_hist_GSE103430.pdf, id=70, 867.24pt x 433.62pt>
File: manhattan-distance_hist_GSE103430.pdf Graphic file (type pdf)
<use manhattan-distance_hist_GSE103430.pdf>
Package pdftex.def Info: manhattan-distance_hist_GSE103430.pdf  used on input l
ine 235.
(pdftex.def)             Requested size: 379.4175pt x 189.70828pt.
<manhattan-distance_hist_GSE106635.pdf, id=71, 867.24pt x 433.62pt>
File: manhattan-distance_hist_GSE106635.pdf Graphic file (type pdf)
<use manhattan-distance_hist_GSE106635.pdf>
Package pdftex.def Info: manhattan-distance_hist_GSE106635.pdf  used on input l
ine 240.
(pdftex.def)             Requested size: 379.4175pt x 189.70828pt.
 [3 <./manhattan-distance_hist_GSE103184.pdf> <./manhattan-distance_hist_GSE103
430.pdf>]
<manhattan-distance_hist_GSE106912.pdf, id=99, 867.24pt x 433.62pt>
File: manhattan-distance_hist_GSE106912.pdf Graphic file (type pdf)
<use manhattan-distance_hist_GSE106912.pdf>
Package pdftex.def Info: manhattan-distance_hist_GSE106912.pdf  used on input l
ine 245.
(pdftex.def)             Requested size: 379.4175pt x 189.70828pt.
<manhattan-distance_hist_GSE110398.pdf, id=100, 867.24pt x 433.62pt>
File: manhattan-distance_hist_GSE110398.pdf Graphic file (type pdf)
<use manhattan-distance_hist_GSE110398.pdf>
Package pdftex.def Info: manhattan-distance_hist_GSE110398.pdf  used on input l
ine 250.
(pdftex.def)             Requested size: 379.4175pt x 189.70828pt.
 [4 <./manhattan-distance_hist_GSE106635.pdf> <./manhattan-distance_hist_GSE106
912.pdf>]
<manhattan-distance_hist_GSE12196.pdf, id=128, 867.24pt x 433.62pt>
File: manhattan-distance_hist_GSE12196.pdf Graphic file (type pdf)
<use manhattan-distance_hist_GSE12196.pdf>
Package pdftex.def Info: manhattan-distance_hist_GSE12196.pdf  used on input li
ne 255.
(pdftex.def)             Requested size: 379.4175pt x 189.70828pt.
<manhattan-distance_hist_GSE12452.pdf, id=129, 867.24pt x 433.62pt>
File: manhattan-distance_hist_GSE12452.pdf Graphic file (type pdf)
<use manhattan-distance_hist_GSE12452.pdf>
Package pdftex.def Info: manhattan-distance_hist_GSE12452.pdf  used on input li
ne 260.
(pdftex.def)             Requested size: 379.4175pt x 189.70828pt.
 [5 <./manhattan-distance_hist_GSE110398.pdf> <./manhattan-distance_hist_GSE121
96.pdf>]
<manhattan-distance_hist_GSE13220.pdf, id=157, 867.24pt x 433.62pt>
File: manhattan-distance_hist_GSE13220.pdf Graphic file (type pdf)
<use manhattan-distance_hist_GSE13220.pdf>
Package pdftex.def Info: manhattan-distance_hist_GSE13220.pdf  used on input li
ne 265.
(pdftex.def)             Requested size: 379.4175pt x 189.70828pt.
<manhattan-distance_hist_GSE13597.pdf, id=158, 867.24pt x 433.62pt>
File: manhattan-distance_hist_GSE13597.pdf Graphic file (type pdf)
<use manhattan-distance_hist_GSE13597.pdf>
Package pdftex.def Info: manhattan-distance_hist_GSE13597.pdf  used on input li
ne 270.
(pdftex.def)             Requested size: 379.4175pt x 189.70828pt.
 [6 <./manhattan-distance_hist_GSE12452.pdf> <./manhattan-distance_hist_GSE1322
0.pdf>]
<manhattan-distance_hist_GSE13911.pdf, id=186, 867.24pt x 433.62pt>
File: manhattan-distance_hist_GSE13911.pdf Graphic file (type pdf)
<use manhattan-distance_hist_GSE13911.pdf>
Package pdftex.def Info: manhattan-distance_hist_GSE13911.pdf  used on input li
ne 275.
(pdftex.def)             Requested size: 379.4175pt x 189.70828pt.
<manhattan-distance_hist_GSE14304.pdf, id=187, 867.24pt x 433.62pt>
File: manhattan-distance_hist_GSE14304.pdf Graphic file (type pdf)
<use manhattan-distance_hist_GSE14304.pdf>
Package pdftex.def Info: manhattan-distance_hist_GSE14304.pdf  used on input li
ne 280.
(pdftex.def)             Requested size: 379.4175pt x 189.70828pt.

[7 <./manhattan-distance_hist_GSE13597.pdf> <./manhattan-distance_hist_GSE13911
.pdf>]
<manhattan-distance_hist_GSE16765.pdf, id=216, 867.24pt x 433.62pt>
File: manhattan-distance_hist_GSE16765.pdf Graphic file (type pdf)
<use manhattan-distance_hist_GSE16765.pdf>
Package pdftex.def Info: manhattan-distance_hist_GSE16765.pdf  used on input li
ne 285.
(pdftex.def)             Requested size: 379.4175pt x 189.70828pt.
<manhattan-distance_hist_GSE18608.pdf, id=217, 867.24pt x 433.62pt>
File: manhattan-distance_hist_GSE18608.pdf Graphic file (type pdf)
<use manhattan-distance_hist_GSE18608.pdf>
Package pdftex.def Info: manhattan-distance_hist_GSE18608.pdf  used on input li
ne 290.
(pdftex.def)             Requested size: 379.4175pt x 189.70828pt.
 [8 <./manhattan-distance_hist_GSE14304.pdf> <./manhattan-distance_hist_GSE1676
5.pdf>]
<manhattan-distance_hist_GSE20347.pdf, id=245, 867.24pt x 433.62pt>
File: manhattan-distance_hist_GSE20347.pdf Graphic file (type pdf)
<use manhattan-distance_hist_GSE20347.pdf>
Package pdftex.def Info: manhattan-distance_hist_GSE20347.pdf  used on input li
ne 295.
(pdftex.def)             Requested size: 379.4175pt x 189.70828pt.
<manhattan-distance_hist_GSE20466.pdf, id=246, 867.24pt x 433.62pt>
File: manhattan-distance_hist_GSE20466.pdf Graphic file (type pdf)
<use manhattan-distance_hist_GSE20466.pdf>
Package pdftex.def Info: manhattan-distance_hist_GSE20466.pdf  used on input li
ne 300.
(pdftex.def)             Requested size: 379.4175pt x 189.70828pt.
 [9 <./manhattan-distance_hist_GSE18608.pdf> <./manhattan-distance_hist_GSE2034
7.pdf>]
<manhattan-distance_hist_GSE20489.pdf, id=274, 867.24pt x 433.62pt>
File: manhattan-distance_hist_GSE20489.pdf Graphic file (type pdf)
<use manhattan-distance_hist_GSE20489.pdf>
Package pdftex.def Info: manhattan-distance_hist_GSE20489.pdf  used on input li
ne 305.
(pdftex.def)             Requested size: 379.4175pt x 189.70828pt.
<manhattan-distance_hist_GSE20586.pdf, id=275, 867.24pt x 433.62pt>
File: manhattan-distance_hist_GSE20586.pdf Graphic file (type pdf)
<use manhattan-distance_hist_GSE20586.pdf>
Package pdftex.def Info: manhattan-distance_hist_GSE20586.pdf  used on input li
ne 310.
(pdftex.def)             Requested size: 379.4175pt x 189.70828pt.
 [10 <./manhattan-distance_hist_GSE20466.pdf> <./manhattan-distance_hist_GSE204
89.pdf>]
<manhattan-distance_hist_GSE21947.pdf, id=303, 867.24pt x 433.62pt>
File: manhattan-distance_hist_GSE21947.pdf Graphic file (type pdf)
<use manhattan-distance_hist_GSE21947.pdf>
Package pdftex.def Info: manhattan-distance_hist_GSE21947.pdf  used on input li
ne 315.
(pdftex.def)             Requested size: 379.4175pt x 189.70828pt.
<manhattan-distance_hist_GSE22356.pdf, id=304, 867.24pt x 433.62pt>
File: manhattan-distance_hist_GSE22356.pdf Graphic file (type pdf)
<use manhattan-distance_hist_GSE22356.pdf>
Package pdftex.def Info: manhattan-distance_hist_GSE22356.pdf  used on input li
ne 320.
(pdftex.def)             Requested size: 379.4175pt x 189.70828pt.
 [11 <./manhattan-distance_hist_GSE20586.pdf> <./manhattan-distance_hist_GSE219
47.pdf>]
<manhattan-distance_hist_GSE22671.pdf, id=332, 867.24pt x 433.62pt>
File: manhattan-distance_hist_GSE22671.pdf Graphic file (type pdf)
<use manhattan-distance_hist_GSE22671.pdf>
Package pdftex.def Info: manhattan-distance_hist_GSE22671.pdf  used on input li
ne 325.
(pdftex.def)             Requested size: 379.4175pt x 189.70828pt.
<manhattan-distance_hist_GSE23400.pdf, id=333, 867.24pt x 433.62pt>
File: manhattan-distance_hist_GSE23400.pdf Graphic file (type pdf)
<use manhattan-distance_hist_GSE23400.pdf>
Package pdftex.def Info: manhattan-distance_hist_GSE23400.pdf  used on input li
ne 330.
(pdftex.def)             Requested size: 379.4175pt x 189.70828pt.
 [12 <./manhattan-distance_hist_GSE22356.pdf> <./manhattan-distance_hist_GSE226
71.pdf>]
<manhattan-distance_hist_GSE24342.pdf, id=361, 867.24pt x 433.62pt>
File: manhattan-distance_hist_GSE24342.pdf Graphic file (type pdf)
<use manhattan-distance_hist_GSE24342.pdf>
Package pdftex.def Info: manhattan-distance_hist_GSE24342.pdf  used on input li
ne 335.
(pdftex.def)             Requested size: 379.4175pt x 189.70828pt.
<manhattan-distance_hist_GSE24988.pdf, id=362, 867.24pt x 433.62pt>
File: manhattan-distance_hist_GSE24988.pdf Graphic file (type pdf)
<use manhattan-distance_hist_GSE24988.pdf>
Package pdftex.def Info: manhattan-distance_hist_GSE24988.pdf  used on input li
ne 340.
(pdftex.def)             Requested size: 379.4175pt x 189.70828pt.
 [13 <./manhattan-distance_hist_GSE23400.pdf> <./manhattan-distance_hist_GSE243
42.pdf>]
<manhattan-distance_hist_GSE25156.pdf, id=391, 867.24pt x 433.62pt>
File: manhattan-distance_hist_GSE25156.pdf Graphic file (type pdf)
<use manhattan-distance_hist_GSE25156.pdf>
Package pdftex.def Info: manhattan-distance_hist_GSE25156.pdf  used on input li
ne 345.
(pdftex.def)             Requested size: 379.4175pt x 189.70828pt.
<manhattan-distance_hist_GSE2685.pdf, id=392, 867.24pt x 433.62pt>
File: manhattan-distance_hist_GSE2685.pdf Graphic file (type pdf)
<use manhattan-distance_hist_GSE2685.pdf>
Package pdftex.def Info: manhattan-distance_hist_GSE2685.pdf  used on input lin
e 350.
(pdftex.def)             Requested size: 379.4175pt x 189.70828pt.
 [14 <./manhattan-distance_hist_GSE24988.pdf> <./manhattan-distance_hist_GSE251
56.pdf>]
<manhattan-distance_hist_GSE27114.pdf, id=420, 867.24pt x 433.62pt>
File: manhattan-distance_hist_GSE27114.pdf Graphic file (type pdf)
<use manhattan-distance_hist_GSE27114.pdf>
Package pdftex.def Info: manhattan-distance_hist_GSE27114.pdf  used on input li
ne 355.
(pdftex.def)             Requested size: 379.4175pt x 189.70828pt.
<manhattan-distance_hist_GSE29110.pdf, id=421, 867.24pt x 433.62pt>
File: manhattan-distance_hist_GSE29110.pdf Graphic file (type pdf)
<use manhattan-distance_hist_GSE29110.pdf>
Package pdftex.def Info: manhattan-distance_hist_GSE29110.pdf  used on input li
ne 360.
(pdftex.def)             Requested size: 379.4175pt x 189.70828pt.
 [15 <./manhattan-distance_hist_GSE2685.pdf> <./manhattan-distance_hist_GSE2711
4.pdf>]
<manhattan-distance_hist_GSE29633.pdf, id=449, 867.24pt x 433.62pt>
File: manhattan-distance_hist_GSE29633.pdf Graphic file (type pdf)
<use manhattan-distance_hist_GSE29633.pdf>
Package pdftex.def Info: manhattan-distance_hist_GSE29633.pdf  used on input li
ne 365.
(pdftex.def)             Requested size: 379.4175pt x 189.70828pt.
<manhattan-distance_hist_GSE3017.pdf, id=450, 867.24pt x 433.62pt>
File: manhattan-distance_hist_GSE3017.pdf Graphic file (type pdf)
<use manhattan-distance_hist_GSE3017.pdf>
Package pdftex.def Info: manhattan-distance_hist_GSE3017.pdf  used on input lin
e 370.
(pdftex.def)             Requested size: 379.4175pt x 189.70828pt.
 [16 <./manhattan-distance_hist_GSE29110.pdf> <./manhattan-distance_hist_GSE296
33.pdf>]
<manhattan-distance_hist_GSE30502.pdf, id=478, 867.24pt x 433.62pt>
File: manhattan-distance_hist_GSE30502.pdf Graphic file (type pdf)
<use manhattan-distance_hist_GSE30502.pdf>
Package pdftex.def Info: manhattan-distance_hist_GSE30502.pdf  used on input li
ne 375.
(pdftex.def)             Requested size: 379.4175pt x 189.70828pt.
<manhattan-distance_hist_GSE31564.pdf, id=479, 867.24pt x 433.62pt>
File: manhattan-distance_hist_GSE31564.pdf Graphic file (type pdf)
<use manhattan-distance_hist_GSE31564.pdf>
Package pdftex.def Info: manhattan-distance_hist_GSE31564.pdf  used on input li
ne 380.
(pdftex.def)             Requested size: 379.4175pt x 189.70828pt.

[17 <./manhattan-distance_hist_GSE3017.pdf> <./manhattan-distance_hist_GSE30502
.pdf>]
<manhattan-distance_hist_GSE31738.pdf, id=507, 867.24pt x 433.62pt>
File: manhattan-distance_hist_GSE31738.pdf Graphic file (type pdf)
<use manhattan-distance_hist_GSE31738.pdf>
Package pdftex.def Info: manhattan-distance_hist_GSE31738.pdf  used on input li
ne 385.
(pdftex.def)             Requested size: 379.4175pt x 189.70828pt.
<manhattan-distance_hist_GSE32515.pdf, id=508, 867.24pt x 433.62pt>
File: manhattan-distance_hist_GSE32515.pdf Graphic file (type pdf)
<use manhattan-distance_hist_GSE32515.pdf>
Package pdftex.def Info: manhattan-distance_hist_GSE32515.pdf  used on input li
ne 390.
(pdftex.def)             Requested size: 379.4175pt x 189.70828pt.
 [18 <./manhattan-distance_hist_GSE31564.pdf> <./manhattan-distance_hist_GSE317
38.pdf>]
<manhattan-distance_hist_GSE3268.pdf, id=536, 867.24pt x 433.62pt>
File: manhattan-distance_hist_GSE3268.pdf Graphic file (type pdf)
<use manhattan-distance_hist_GSE3268.pdf>
Package pdftex.def Info: manhattan-distance_hist_GSE3268.pdf  used on input lin
e 395.
(pdftex.def)             Requested size: 379.4175pt x 189.70828pt.
<manhattan-distance_hist_GSE33003.pdf, id=537, 867.24pt x 433.62pt>
File: manhattan-distance_hist_GSE33003.pdf Graphic file (type pdf)
<use manhattan-distance_hist_GSE33003.pdf>
Package pdftex.def Info: manhattan-distance_hist_GSE33003.pdf  used on input li
ne 400.
(pdftex.def)             Requested size: 379.4175pt x 189.70828pt.
 [19 <./manhattan-distance_hist_GSE32515.pdf> <./manhattan-distance_hist_GSE326
8.pdf>]
<manhattan-distance_hist_GSE33373.pdf, id=566, 867.24pt x 433.62pt>
File: manhattan-distance_hist_GSE33373.pdf Graphic file (type pdf)
<use manhattan-distance_hist_GSE33373.pdf>
Package pdftex.def Info: manhattan-distance_hist_GSE33373.pdf  used on input li
ne 405.
(pdftex.def)             Requested size: 379.4175pt x 189.70828pt.
<manhattan-distance_hist_GSE33459.pdf, id=567, 867.24pt x 433.62pt>
File: manhattan-distance_hist_GSE33459.pdf Graphic file (type pdf)
<use manhattan-distance_hist_GSE33459.pdf>
Package pdftex.def Info: manhattan-distance_hist_GSE33459.pdf  used on input li
ne 410.
(pdftex.def)             Requested size: 379.4175pt x 189.70828pt.
 [20 <./manhattan-distance_hist_GSE33003.pdf> <./manhattan-distance_hist_GSE333
73.pdf>]
<manhattan-distance_hist_GSE33463.pdf, id=595, 867.24pt x 433.62pt>
File: manhattan-distance_hist_GSE33463.pdf Graphic file (type pdf)
<use manhattan-distance_hist_GSE33463.pdf>
Package pdftex.def Info: manhattan-distance_hist_GSE33463.pdf  used on input li
ne 415.
(pdftex.def)             Requested size: 379.4175pt x 189.70828pt.
<manhattan-distance_hist_GSE33672.pdf, id=596, 867.24pt x 433.62pt>
File: manhattan-distance_hist_GSE33672.pdf Graphic file (type pdf)
<use manhattan-distance_hist_GSE33672.pdf>
Package pdftex.def Info: manhattan-distance_hist_GSE33672.pdf  used on input li
ne 420.
(pdftex.def)             Requested size: 379.4175pt x 189.70828pt.
 [21 <./manhattan-distance_hist_GSE33459.pdf> <./manhattan-distance_hist_GSE334
63.pdf>]
<manhattan-distance_hist_GSE34400.pdf, id=624, 867.24pt x 433.62pt>
File: manhattan-distance_hist_GSE34400.pdf Graphic file (type pdf)
<use manhattan-distance_hist_GSE34400.pdf>
Package pdftex.def Info: manhattan-distance_hist_GSE34400.pdf  used on input li
ne 425.
(pdftex.def)             Requested size: 379.4175pt x 189.70828pt.
<manhattan-distance_hist_GSE34667.pdf, id=625, 867.24pt x 433.62pt>
File: manhattan-distance_hist_GSE34667.pdf Graphic file (type pdf)
<use manhattan-distance_hist_GSE34667.pdf>
Package pdftex.def Info: manhattan-distance_hist_GSE34667.pdf  used on input li
ne 430.
(pdftex.def)             Requested size: 379.4175pt x 189.70828pt.
 [22 <./manhattan-distance_hist_GSE33672.pdf> <./manhattan-distance_hist_GSE344
00.pdf>]
<manhattan-distance_hist_GSE34872.pdf, id=653, 867.24pt x 433.62pt>
File: manhattan-distance_hist_GSE34872.pdf Graphic file (type pdf)
<use manhattan-distance_hist_GSE34872.pdf>
Package pdftex.def Info: manhattan-distance_hist_GSE34872.pdf  used on input li
ne 435.
(pdftex.def)             Requested size: 379.4175pt x 189.70828pt.
<manhattan-distance_hist_GSE3494.pdf, id=654, 867.24pt x 433.62pt>
File: manhattan-distance_hist_GSE3494.pdf Graphic file (type pdf)
<use manhattan-distance_hist_GSE3494.pdf>
Package pdftex.def Info: manhattan-distance_hist_GSE3494.pdf  used on input lin
e 440.
(pdftex.def)             Requested size: 379.4175pt x 189.70828pt.
 [23 <./manhattan-distance_hist_GSE34667.pdf> <./manhattan-distance_hist_GSE348
72.pdf>]
<manhattan-distance_hist_GSE3519.pdf, id=682, 867.24pt x 433.62pt>
File: manhattan-distance_hist_GSE3519.pdf Graphic file (type pdf)
<use manhattan-distance_hist_GSE3519.pdf>
Package pdftex.def Info: manhattan-distance_hist_GSE3519.pdf  used on input lin
e 445.
(pdftex.def)             Requested size: 379.4175pt x 189.70828pt.
<manhattan-distance_hist_GSE35240.pdf, id=683, 867.24pt x 433.62pt>
File: manhattan-distance_hist_GSE35240.pdf Graphic file (type pdf)
<use manhattan-distance_hist_GSE35240.pdf>
Package pdftex.def Info: manhattan-distance_hist_GSE35240.pdf  used on input li
ne 450.
(pdftex.def)             Requested size: 379.4175pt x 189.70828pt.
 [24 <./manhattan-distance_hist_GSE3494.pdf> <./manhattan-distance_hist_GSE3519
.pdf>]
<manhattan-distance_hist_GSE37404.pdf, id=711, 867.24pt x 433.62pt>
File: manhattan-distance_hist_GSE37404.pdf Graphic file (type pdf)
<use manhattan-distance_hist_GSE37404.pdf>
Package pdftex.def Info: manhattan-distance_hist_GSE37404.pdf  used on input li
ne 455.
(pdftex.def)             Requested size: 379.4175pt x 189.70828pt.
<manhattan-distance_hist_GSE37902.pdf, id=712, 867.24pt x 433.62pt>
File: manhattan-distance_hist_GSE37902.pdf Graphic file (type pdf)
<use manhattan-distance_hist_GSE37902.pdf>
Package pdftex.def Info: manhattan-distance_hist_GSE37902.pdf  used on input li
ne 460.
(pdftex.def)             Requested size: 379.4175pt x 189.70828pt.
 [25 <./manhattan-distance_hist_GSE35240.pdf> <./manhattan-distance_hist_GSE374
04.pdf>]
<manhattan-distance_hist_GSE38531.pdf, id=741, 867.24pt x 433.62pt>
File: manhattan-distance_hist_GSE38531.pdf Graphic file (type pdf)
<use manhattan-distance_hist_GSE38531.pdf>
Package pdftex.def Info: manhattan-distance_hist_GSE38531.pdf  used on input li
ne 465.
(pdftex.def)             Requested size: 379.4175pt x 189.70828pt.
<manhattan-distance_hist_GSE38783.pdf, id=742, 867.24pt x 433.62pt>
File: manhattan-distance_hist_GSE38783.pdf Graphic file (type pdf)
<use manhattan-distance_hist_GSE38783.pdf>
Package pdftex.def Info: manhattan-distance_hist_GSE38783.pdf  used on input li
ne 470.
(pdftex.def)             Requested size: 379.4175pt x 189.70828pt.
 [26 <./manhattan-distance_hist_GSE37902.pdf> <./manhattan-distance_hist_GSE385
31.pdf>]
<manhattan-distance_hist_GSE39549.pdf, id=770, 867.24pt x 433.62pt>
File: manhattan-distance_hist_GSE39549.pdf Graphic file (type pdf)
<use manhattan-distance_hist_GSE39549.pdf>
Package pdftex.def Info: manhattan-distance_hist_GSE39549.pdf  used on input li
ne 475.
(pdftex.def)             Requested size: 379.4175pt x 189.70828pt.
<manhattan-distance_hist_GSE41221.pdf, id=771, 867.24pt x 433.62pt>
File: manhattan-distance_hist_GSE41221.pdf Graphic file (type pdf)
<use manhattan-distance_hist_GSE41221.pdf>
Package pdftex.def Info: manhattan-distance_hist_GSE41221.pdf  used on input li
ne 480.
(pdftex.def)             Requested size: 379.4175pt x 189.70828pt.

[27 <./manhattan-distance_hist_GSE38783.pdf> <./manhattan-distance_hist_GSE3954
9.pdf>]
<manhattan-distance_hist_GSE46727.pdf, id=799, 867.24pt x 433.62pt>
File: manhattan-distance_hist_GSE46727.pdf Graphic file (type pdf)
<use manhattan-distance_hist_GSE46727.pdf>
Package pdftex.def Info: manhattan-distance_hist_GSE46727.pdf  used on input li
ne 485.
(pdftex.def)             Requested size: 379.4175pt x 189.70828pt.
<manhattan-distance_hist_GSE46728.pdf, id=800, 867.24pt x 433.62pt>
File: manhattan-distance_hist_GSE46728.pdf Graphic file (type pdf)
<use manhattan-distance_hist_GSE46728.pdf>
Package pdftex.def Info: manhattan-distance_hist_GSE46728.pdf  used on input li
ne 490.
(pdftex.def)             Requested size: 379.4175pt x 189.70828pt.
 [28 <./manhattan-distance_hist_GSE41221.pdf> <./manhattan-distance_hist_GSE467
27.pdf>]
<manhattan-distance_hist_GSE47406.pdf, id=828, 867.24pt x 433.62pt>
File: manhattan-distance_hist_GSE47406.pdf Graphic file (type pdf)
<use manhattan-distance_hist_GSE47406.pdf>
Package pdftex.def Info: manhattan-distance_hist_GSE47406.pdf  used on input li
ne 495.
(pdftex.def)             Requested size: 379.4175pt x 189.70828pt.
<manhattan-distance_hist_GSE48964.pdf, id=829, 867.24pt x 433.62pt>
File: manhattan-distance_hist_GSE48964.pdf Graphic file (type pdf)
<use manhattan-distance_hist_GSE48964.pdf>
Package pdftex.def Info: manhattan-distance_hist_GSE48964.pdf  used on input li
ne 500.
(pdftex.def)             Requested size: 379.4175pt x 189.70828pt.
 [29 <./manhattan-distance_hist_GSE46728.pdf> <./manhattan-distance_hist_GSE474
06.pdf>]
<manhattan-distance_hist_GSE49382.pdf, id=857, 867.24pt x 433.62pt>
File: manhattan-distance_hist_GSE49382.pdf Graphic file (type pdf)
<use manhattan-distance_hist_GSE49382.pdf>
Package pdftex.def Info: manhattan-distance_hist_GSE49382.pdf  used on input li
ne 505.
(pdftex.def)             Requested size: 379.4175pt x 189.70828pt.
<manhattan-distance_hist_GSE49486.pdf, id=858, 867.24pt x 433.62pt>
File: manhattan-distance_hist_GSE49486.pdf Graphic file (type pdf)
<use manhattan-distance_hist_GSE49486.pdf>
Package pdftex.def Info: manhattan-distance_hist_GSE49486.pdf  used on input li
ne 510.
(pdftex.def)             Requested size: 379.4175pt x 189.70828pt.
 [30 <./manhattan-distance_hist_GSE48964.pdf> <./manhattan-distance_hist_GSE493
82.pdf>]
<manhattan-distance_hist_GSE50604.pdf, id=886, 867.24pt x 433.62pt>
File: manhattan-distance_hist_GSE50604.pdf Graphic file (type pdf)
<use manhattan-distance_hist_GSE50604.pdf>
Package pdftex.def Info: manhattan-distance_hist_GSE50604.pdf  used on input li
ne 515.
(pdftex.def)             Requested size: 379.4175pt x 189.70828pt.
<manhattan-distance_hist_GSE5281.pdf, id=887, 867.24pt x 433.62pt>
File: manhattan-distance_hist_GSE5281.pdf Graphic file (type pdf)
<use manhattan-distance_hist_GSE5281.pdf>
Package pdftex.def Info: manhattan-distance_hist_GSE5281.pdf  used on input lin
e 520.
(pdftex.def)             Requested size: 379.4175pt x 189.70828pt.
 [31 <./manhattan-distance_hist_GSE49486.pdf> <./manhattan-distance_hist_GSE506
04.pdf>]
<manhattan-distance_hist_GSE53122.pdf, id=916, 867.24pt x 433.62pt>
File: manhattan-distance_hist_GSE53122.pdf Graphic file (type pdf)
<use manhattan-distance_hist_GSE53122.pdf>
Package pdftex.def Info: manhattan-distance_hist_GSE53122.pdf  used on input li
ne 525.
(pdftex.def)             Requested size: 379.4175pt x 189.70828pt.
<manhattan-distance_hist_GSE54129.pdf, id=917, 867.24pt x 433.62pt>
File: manhattan-distance_hist_GSE54129.pdf Graphic file (type pdf)
<use manhattan-distance_hist_GSE54129.pdf>
Package pdftex.def Info: manhattan-distance_hist_GSE54129.pdf  used on input li
ne 530.
(pdftex.def)             Requested size: 379.4175pt x 189.70828pt.
 [32 <./manhattan-distance_hist_GSE5281.pdf> <./manhattan-distance_hist_GSE5312
2.pdf>]
<manhattan-distance_hist_GSE54216.pdf, id=945, 867.24pt x 433.62pt>
File: manhattan-distance_hist_GSE54216.pdf Graphic file (type pdf)
<use manhattan-distance_hist_GSE54216.pdf>
Package pdftex.def Info: manhattan-distance_hist_GSE54216.pdf  used on input li
ne 535.
(pdftex.def)             Requested size: 379.4175pt x 189.70828pt.
<manhattan-distance_hist_GSE54350.pdf, id=946, 867.24pt x 433.62pt>
File: manhattan-distance_hist_GSE54350.pdf Graphic file (type pdf)
<use manhattan-distance_hist_GSE54350.pdf>
Package pdftex.def Info: manhattan-distance_hist_GSE54350.pdf  used on input li
ne 540.
(pdftex.def)             Requested size: 379.4175pt x 189.70828pt.
 [33 <./manhattan-distance_hist_GSE54129.pdf> <./manhattan-distance_hist_GSE542
16.pdf>]
<manhattan-distance_hist_GSE54917.pdf, id=974, 867.24pt x 433.62pt>
File: manhattan-distance_hist_GSE54917.pdf Graphic file (type pdf)
<use manhattan-distance_hist_GSE54917.pdf>
Package pdftex.def Info: manhattan-distance_hist_GSE54917.pdf  used on input li
ne 545.
(pdftex.def)             Requested size: 379.4175pt x 189.70828pt.
<manhattan-distance_hist_GSE55503.pdf, id=975, 867.24pt x 433.62pt>
File: manhattan-distance_hist_GSE55503.pdf Graphic file (type pdf)
<use manhattan-distance_hist_GSE55503.pdf>
Package pdftex.def Info: manhattan-distance_hist_GSE55503.pdf  used on input li
ne 550.
(pdftex.def)             Requested size: 379.4175pt x 189.70828pt.
 [34 <./manhattan-distance_hist_GSE54350.pdf> <./manhattan-distance_hist_GSE549
17.pdf>]
<manhattan-distance_hist_GSE57002.pdf, id=1003, 867.24pt x 433.62pt>
File: manhattan-distance_hist_GSE57002.pdf Graphic file (type pdf)
<use manhattan-distance_hist_GSE57002.pdf>
Package pdftex.def Info: manhattan-distance_hist_GSE57002.pdf  used on input li
ne 555.
(pdftex.def)             Requested size: 379.4175pt x 189.70828pt.
<manhattan-distance_hist_GSE5859.pdf, id=1004, 867.24pt x 433.62pt>
File: manhattan-distance_hist_GSE5859.pdf Graphic file (type pdf)
<use manhattan-distance_hist_GSE5859.pdf>
Package pdftex.def Info: manhattan-distance_hist_GSE5859.pdf  used on input lin
e 560.
(pdftex.def)             Requested size: 379.4175pt x 189.70828pt.
 [35 <./manhattan-distance_hist_GSE55503.pdf> <./manhattan-distance_hist_GSE570
02.pdf>]
<manhattan-distance_hist_GSE61140.pdf, id=1032, 867.24pt x 433.62pt>
File: manhattan-distance_hist_GSE61140.pdf Graphic file (type pdf)
<use manhattan-distance_hist_GSE61140.pdf>
Package pdftex.def Info: manhattan-distance_hist_GSE61140.pdf  used on input li
ne 565.
(pdftex.def)             Requested size: 379.4175pt x 189.70828pt.
<manhattan-distance_hist_GSE62598.pdf, id=1033, 867.24pt x 433.62pt>
File: manhattan-distance_hist_GSE62598.pdf Graphic file (type pdf)
<use manhattan-distance_hist_GSE62598.pdf>
Package pdftex.def Info: manhattan-distance_hist_GSE62598.pdf  used on input li
ne 570.
(pdftex.def)             Requested size: 379.4175pt x 189.70828pt.
 [36 <./manhattan-distance_hist_GSE5859.pdf> <./manhattan-distance_hist_GSE6114
0.pdf>]
<manhattan-distance_hist_GSE6414.pdf, id=1061, 867.24pt x 433.62pt>
File: manhattan-distance_hist_GSE6414.pdf Graphic file (type pdf)
<use manhattan-distance_hist_GSE6414.pdf>
Package pdftex.def Info: manhattan-distance_hist_GSE6414.pdf  used on input lin
e 575.
(pdftex.def)             Requested size: 379.4175pt x 189.70828pt.
<manhattan-distance_hist_GSE64670.pdf, id=1062, 867.24pt x 433.62pt>
File: manhattan-distance_hist_GSE64670.pdf Graphic file (type pdf)
<use manhattan-distance_hist_GSE64670.pdf>
Package pdftex.def Info: manhattan-distance_hist_GSE64670.pdf  used on input li
ne 580.
(pdftex.def)             Requested size: 379.4175pt x 189.70828pt.

[37 <./manhattan-distance_hist_GSE62598.pdf> <./manhattan-distance_hist_GSE6414
.pdf>]
<manhattan-distance_hist_GSE64718.pdf, id=1091, 867.24pt x 433.62pt>
File: manhattan-distance_hist_GSE64718.pdf Graphic file (type pdf)
<use manhattan-distance_hist_GSE64718.pdf>
Package pdftex.def Info: manhattan-distance_hist_GSE64718.pdf  used on input li
ne 585.
(pdftex.def)             Requested size: 379.4175pt x 189.70828pt.
<manhattan-distance_hist_GSE65517.pdf, id=1092, 867.24pt x 433.62pt>
File: manhattan-distance_hist_GSE65517.pdf Graphic file (type pdf)
<use manhattan-distance_hist_GSE65517.pdf>
Package pdftex.def Info: manhattan-distance_hist_GSE65517.pdf  used on input li
ne 590.
(pdftex.def)             Requested size: 379.4175pt x 189.70828pt.
 [38 <./manhattan-distance_hist_GSE64670.pdf> <./manhattan-distance_hist_GSE647
18.pdf>]
<manhattan-distance_hist_GSE6720.pdf, id=1120, 867.24pt x 433.62pt>
File: manhattan-distance_hist_GSE6720.pdf Graphic file (type pdf)
<use manhattan-distance_hist_GSE6720.pdf>
Package pdftex.def Info: manhattan-distance_hist_GSE6720.pdf  used on input lin
e 595.
(pdftex.def)             Requested size: 379.4175pt x 189.70828pt.
<manhattan-distance_hist_GSE67376.pdf, id=1121, 867.24pt x 433.62pt>
File: manhattan-distance_hist_GSE67376.pdf Graphic file (type pdf)
<use manhattan-distance_hist_GSE67376.pdf>
Package pdftex.def Info: manhattan-distance_hist_GSE67376.pdf  used on input li
ne 600.
(pdftex.def)             Requested size: 379.4175pt x 189.70828pt.
 [39 <./manhattan-distance_hist_GSE65517.pdf> <./manhattan-distance_hist_GSE672
0.pdf>]
<manhattan-distance_hist_GSE67492.pdf, id=1149, 867.24pt x 433.62pt>
File: manhattan-distance_hist_GSE67492.pdf Graphic file (type pdf)
<use manhattan-distance_hist_GSE67492.pdf>
Package pdftex.def Info: manhattan-distance_hist_GSE67492.pdf  used on input li
ne 605.
(pdftex.def)             Requested size: 379.4175pt x 189.70828pt.
<manhattan-distance_hist_GSE67865.pdf, id=1150, 867.24pt x 433.62pt>
File: manhattan-distance_hist_GSE67865.pdf Graphic file (type pdf)
<use manhattan-distance_hist_GSE67865.pdf>
Package pdftex.def Info: manhattan-distance_hist_GSE67865.pdf  used on input li
ne 610.
(pdftex.def)             Requested size: 379.4175pt x 189.70828pt.
 [40 <./manhattan-distance_hist_GSE67376.pdf> <./manhattan-distance_hist_GSE674
92.pdf>]
<manhattan-distance_hist_GSE68918.pdf, id=1177, 867.24pt x 433.62pt>
File: manhattan-distance_hist_GSE68918.pdf Graphic file (type pdf)
<use manhattan-distance_hist_GSE68918.pdf>
Package pdftex.def Info: manhattan-distance_hist_GSE68918.pdf  used on input li
ne 615.
(pdftex.def)             Requested size: 379.4175pt x 189.70828pt.
<manhattan-distance_hist_GSE7124.pdf, id=1178, 867.24pt x 433.62pt>
File: manhattan-distance_hist_GSE7124.pdf Graphic file (type pdf)
<use manhattan-distance_hist_GSE7124.pdf>
Package pdftex.def Info: manhattan-distance_hist_GSE7124.pdf  used on input lin
e 620.
(pdftex.def)             Requested size: 379.4175pt x 189.70828pt.
 [41 <./manhattan-distance_hist_GSE67865.pdf> <./manhattan-distance_hist_GSE689
18.pdf>]
<manhattan-distance_hist_GSE71868.pdf, id=1206, 867.24pt x 433.62pt>
File: manhattan-distance_hist_GSE71868.pdf Graphic file (type pdf)
<use manhattan-distance_hist_GSE71868.pdf>
Package pdftex.def Info: manhattan-distance_hist_GSE71868.pdf  used on input li
ne 625.
(pdftex.def)             Requested size: 379.4175pt x 189.70828pt.
<manhattan-distance_hist_GSE7197.pdf, id=1207, 867.24pt x 433.62pt>
File: manhattan-distance_hist_GSE7197.pdf Graphic file (type pdf)
<use manhattan-distance_hist_GSE7197.pdf>
Package pdftex.def Info: manhattan-distance_hist_GSE7197.pdf  used on input lin
e 630.
(pdftex.def)             Requested size: 379.4175pt x 189.70828pt.
 [42 <./manhattan-distance_hist_GSE7124.pdf> <./manhattan-distance_hist_GSE7186
8.pdf>]
<manhattan-distance_hist_GSE75037.pdf, id=1235, 867.24pt x 433.62pt>
File: manhattan-distance_hist_GSE75037.pdf Graphic file (type pdf)
<use manhattan-distance_hist_GSE75037.pdf>
Package pdftex.def Info: manhattan-distance_hist_GSE75037.pdf  used on input li
ne 635.
(pdftex.def)             Requested size: 379.4175pt x 189.70828pt.
<manhattan-distance_hist_GSE7511.pdf, id=1236, 867.24pt x 433.62pt>
File: manhattan-distance_hist_GSE7511.pdf Graphic file (type pdf)
<use manhattan-distance_hist_GSE7511.pdf>
Package pdftex.def Info: manhattan-distance_hist_GSE7511.pdf  used on input lin
e 640.
(pdftex.def)             Requested size: 379.4175pt x 189.70828pt.
 [43 <./manhattan-distance_hist_GSE7197.pdf> <./manhattan-distance_hist_GSE7503
7.pdf>]
<manhattan-distance_hist_GSE7567.pdf, id=1265, 867.24pt x 433.62pt>
File: manhattan-distance_hist_GSE7567.pdf Graphic file (type pdf)
<use manhattan-distance_hist_GSE7567.pdf>
Package pdftex.def Info: manhattan-distance_hist_GSE7567.pdf  used on input lin
e 645.
(pdftex.def)             Requested size: 379.4175pt x 189.70828pt.
<manhattan-distance_hist_GSE7592.pdf, id=1266, 867.24pt x 433.62pt>
File: manhattan-distance_hist_GSE7592.pdf Graphic file (type pdf)
<use manhattan-distance_hist_GSE7592.pdf>
Package pdftex.def Info: manhattan-distance_hist_GSE7592.pdf  used on input lin
e 650.
(pdftex.def)             Requested size: 379.4175pt x 189.70828pt.
 [44 <./manhattan-distance_hist_GSE7511.pdf> <./manhattan-distance_hist_GSE7567
.pdf>]
<manhattan-distance_hist_GSE7670.pdf, id=1294, 867.24pt x 433.62pt>
File: manhattan-distance_hist_GSE7670.pdf Graphic file (type pdf)
<use manhattan-distance_hist_GSE7670.pdf>
Package pdftex.def Info: manhattan-distance_hist_GSE7670.pdf  used on input lin
e 655.
(pdftex.def)             Requested size: 379.4175pt x 189.70828pt.
<manhattan-distance_hist_GSE7881.pdf, id=1295, 867.24pt x 433.62pt>
File: manhattan-distance_hist_GSE7881.pdf Graphic file (type pdf)
<use manhattan-distance_hist_GSE7881.pdf>
Package pdftex.def Info: manhattan-distance_hist_GSE7881.pdf  used on input lin
e 660.
(pdftex.def)             Requested size: 379.4175pt x 189.70828pt.
 [45 <./manhattan-distance_hist_GSE7592.pdf> <./manhattan-distance_hist_GSE7670
.pdf>]
<manhattan-distance_hist_GSE79973.pdf, id=1323, 867.24pt x 433.62pt>
File: manhattan-distance_hist_GSE79973.pdf Graphic file (type pdf)
<use manhattan-distance_hist_GSE79973.pdf>
Package pdftex.def Info: manhattan-distance_hist_GSE79973.pdf  used on input li
ne 665.
(pdftex.def)             Requested size: 379.4175pt x 189.70828pt.
<manhattan-distance_hist_GSE83077.pdf, id=1324, 867.24pt x 433.62pt>
File: manhattan-distance_hist_GSE83077.pdf Graphic file (type pdf)
<use manhattan-distance_hist_GSE83077.pdf>
Package pdftex.def Info: manhattan-distance_hist_GSE83077.pdf  used on input li
ne 670.
(pdftex.def)             Requested size: 379.4175pt x 189.70828pt.
 [46 <./manhattan-distance_hist_GSE7881.pdf> <./manhattan-distance_hist_GSE7997
3.pdf>]
<manhattan-distance_hist_GSE8498.pdf, id=1352, 867.24pt x 433.62pt>
File: manhattan-distance_hist_GSE8498.pdf Graphic file (type pdf)
<use manhattan-distance_hist_GSE8498.pdf>
Package pdftex.def Info: manhattan-distance_hist_GSE8498.pdf  used on input lin
e 675.
(pdftex.def)             Requested size: 379.4175pt x 189.70828pt.
<manhattan-distance_hist_GSE9687.pdf, id=1353, 867.24pt x 433.62pt>
File: manhattan-distance_hist_GSE9687.pdf Graphic file (type pdf)
<use manhattan-distance_hist_GSE9687.pdf>
Package pdftex.def Info: manhattan-distance_hist_GSE9687.pdf  used on input lin
e 680.
(pdftex.def)             Requested size: 379.4175pt x 189.70828pt.
 [47 <./manhattan-distance_hist_GSE83077.pdf> <./manhattan-distance_hist_GSE849
8.pdf>]
<manhattan-distance_hist_GSE9820.pdf, id=1381, 867.24pt x 433.62pt>
File: manhattan-distance_hist_GSE9820.pdf Graphic file (type pdf)
<use manhattan-distance_hist_GSE9820.pdf>
Package pdftex.def Info: manhattan-distance_hist_GSE9820.pdf  used on input lin
e 685.
(pdftex.def)             Requested size: 379.4175pt x 189.70828pt.
<manhattan-distance_hist_GSE98634.pdf, id=1382, 867.24pt x 433.62pt>
File: manhattan-distance_hist_GSE98634.pdf Graphic file (type pdf)
<use manhattan-distance_hist_GSE98634.pdf>
Package pdftex.def Info: manhattan-distance_hist_GSE98634.pdf  used on input li
ne 690.
(pdftex.def)             Requested size: 379.4175pt x 189.70828pt.

[48 <./manhattan-distance_hist_GSE9687.pdf> <./manhattan-distance_hist_GSE9820.
pdf>]
<manhattan-distance_hist_GSE99295.pdf, id=1410, 867.24pt x 433.62pt>
File: manhattan-distance_hist_GSE99295.pdf Graphic file (type pdf)
<use manhattan-distance_hist_GSE99295.pdf>
Package pdftex.def Info: manhattan-distance_hist_GSE99295.pdf  used on input li
ne 695.
(pdftex.def)             Requested size: 379.4175pt x 189.70828pt.
<manhattan-distance_hist_GSE48200.pdf, id=1411, 867.24pt x 433.62pt>
File: manhattan-distance_hist_GSE48200.pdf Graphic file (type pdf)
<use manhattan-distance_hist_GSE48200.pdf>
Package pdftex.def Info: manhattan-distance_hist_GSE48200.pdf  used on input li
ne 700.
(pdftex.def)             Requested size: 379.4175pt x 189.70828pt.
 [49 <./manhattan-distance_hist_GSE98634.pdf> <./manhattan-distance_hist_GSE992
95.pdf>] 
AED: lastpage setting LastPage
[50 <./manhattan-distance_hist_GSE48200.pdf>]
Package atveryend Info: Empty hook `BeforeClearDocument' on input line 706.
Package atveryend Info: Empty hook `AfterLastShipout' on input line 706.
 (supplement2.aux)
Package atveryend Info: Executing hook `AtVeryEndDocument' on input line 706.
Package atveryend Info: Executing hook `AtEndAfterFileList' on input line 706.
Package rerunfilecheck Info: File `supplement2.out' has not changed.
(rerunfilecheck)             Checksum: D41D8CD98F00B204E9800998ECF8427E;0.
Package atveryend Info: Empty hook `AtVeryVeryEnd' on input line 706.
 ) 
Here is how much of TeX's memory you used:
 22610 strings out of 492946
 420893 string characters out of 3135528
 516346 words of memory out of 3000000
 25844 multiletter control sequences out of 15000+200000
 4706 words of font info for 20 fonts, out of 3000000 for 9000
 1141 hyphenation exceptions out of 8191
 55i,11n,92p,407b,421s stack positions out of 5000i,500n,10000p,200000b,50000s
<C:/Program Files/MiKTeX 2.9/fonts/type1/public/amsfonts/cm/cmbx10.pfb><C:/Pr
ogram Files/MiKTeX 2.9/fonts/type1/public/amsfonts/cm/cmr10.pfb><C:/Program Fil
es/MiKTeX 2.9/fonts/type1/public/amsfonts/cm/cmr12.pfb>
Output written on supplement2.pdf (50 pages, 11676473 bytes).
PDF statistics:
 1500 PDF objects out of 1728 (max. 8388607)
 150 named destinations out of 1000 (max. 500000)
 4092 words of extra memory for PDF output out of 10000 (max. 10000000)

