\BOOKMARK [1][-]{section.1}{Nearest-neighbor projected-distance regression}{}% 1
\BOOKMARK [1][-]{section.2}{Limit distribution for \040on null data}{}% 2
\BOOKMARK [2][-]{subsection.2.1}{Asymptotic normality of pairwise distances}{section.2}% 3
\BOOKMARK [1][-]{section.3}{ metric moments for continuous data distributions}{}% 4
\BOOKMARK [2][-]{subsection.3.1}{Distribution of }{section.3}% 5
\BOOKMARK [3][-]{subsubsection.3.1.1}{Standard normal data}{subsection.3.1}% 6
\BOOKMARK [3][-]{subsubsection.3.1.2}{Standard uniform data}{subsection.3.1}% 7
\BOOKMARK [2][-]{subsection.3.2}{Manhattan }{section.3}% 8
\BOOKMARK [3][-]{subsubsection.3.2.1}{Standard normal data}{subsection.3.2}% 9
\BOOKMARK [3][-]{subsubsection.3.2.2}{Standard uniform data}{subsection.3.2}% 10
\BOOKMARK [3][-]{subsubsection.3.2.3}{Distribution of one-dimensional projection of pairwise distance onto an attribute}{subsection.3.2}% 11
\BOOKMARK [2][-]{subsection.3.3}{Euclidean }{section.3}% 12
\BOOKMARK [3][-]{subsubsection.3.3.1}{Standard normal data}{subsection.3.3}% 13
\BOOKMARK [3][-]{subsubsection.3.3.2}{Standard uniform data}{subsection.3.3}% 14
\BOOKMARK [2][-]{subsection.3.4}{Distribution of max-min normalized \040metric}{section.3}% 15
\BOOKMARK [3][-]{subsubsection.3.4.1}{Standard normal data}{subsection.3.4}% 16
\BOOKMARK [3][-]{subsubsection.3.4.2}{Standard uniform data}{subsection.3.4}% 17
\BOOKMARK [2][-]{subsection.3.5}{Range-Normalized Manhattan }{section.3}% 18
\BOOKMARK [3][-]{subsubsection.3.5.1}{Standard normal data}{subsection.3.5}% 19
\BOOKMARK [3][-]{subsubsection.3.5.2}{Standard uniform data}{subsection.3.5}% 20
\BOOKMARK [2][-]{subsection.3.6}{Range-Normalized Euclidean }{section.3}% 21
\BOOKMARK [3][-]{subsubsection.3.6.1}{Standard normal data}{subsection.3.6}% 22
\BOOKMARK [3][-]{subsubsection.3.6.2}{Standard uniform data}{subsection.3.6}% 23
\BOOKMARK [1][-]{section.4}{GWAS distance distributions}{}% 24
\BOOKMARK [2][-]{subsection.4.1}{GM distance distribution}{section.4}% 25
\BOOKMARK [2][-]{subsection.4.2}{AM distance distribution}{section.4}% 26
\BOOKMARK [2][-]{subsection.4.3}{TiTv distance distribution}{section.4}% 27
\BOOKMARK [2][-]{subsection.4.4}{Distribution of one-dimensional projection of GWAS distance onto a SNP}{section.4}% 28
\BOOKMARK [1][-]{section.5}{Time series correlation-based distance distribution}{}% 29
\BOOKMARK [2][-]{subsection.5.1}{Max-min normalized time series correlation-based distance distribution}{section.5}% 30
\BOOKMARK [2][-]{subsection.5.2}{One-dimensional projection of rs-fMRI distance onto a single ROI}{section.5}% 31
\BOOKMARK [2][-]{subsection.5.3}{Normalized Manhattan \040for rs-fMRI}{section.5}% 32
\BOOKMARK [1][-]{section.6}{Comparison of theoretical and sample moments}{}% 33
\BOOKMARK [1][-]{section.7}{Effects of correlation on distances}{}% 34
\BOOKMARK [2][-]{subsection.7.1}{Continuous data}{section.7}% 35
\BOOKMARK [2][-]{subsection.7.2}{GWAS data}{section.7}% 36
\BOOKMARK [2][-]{subsection.7.3}{Time-series derived correlation-based datasets}{section.7}% 37
\BOOKMARK [1][-]{section.8}{Discussion}{}% 38
\BOOKMARK [1][-]{section.9}{Supporting information}{}% 39
