\BOOKMARK [1][-]{section*.1}{Abstract}{}% 1
\BOOKMARK [1][-]{section.1}{Background}{}% 2
\BOOKMARK [1][-]{section.2}{Methods}{}% 3
\BOOKMARK [2][-]{subsection.2.1}{Limit distribution for \040on null data}{section.2}% 4
\BOOKMARK [3][-]{subsubsection.2.1.1}{Asymptotic normality of pairwise distances}{subsection.2.1}% 5
\BOOKMARK [2][-]{subsection.2.2}{ metric moments for continuous data distributions}{section.2}% 6
\BOOKMARK [3][-]{subsubsection.2.2.1}{Distribution of }{subsection.2.2}% 7
\BOOKMARK [3][-]{subsubsection.2.2.2}{Manhattan }{subsection.2.2}% 8
\BOOKMARK [3][-]{subsubsection.2.2.3}{Distribution of one-dimensional projected pairwise distance onto an attribute}{subsection.2.2}% 9
\BOOKMARK [3][-]{subsubsection.2.2.4}{Euclidean }{subsection.2.2}% 10
\BOOKMARK [3][-]{subsubsection.2.2.5}{Distributions of attribute range-normalized \040metric}{subsection.2.2}% 11
\BOOKMARK [3][-]{subsubsection.2.2.6}{Range-Normalized Manhattan }{subsection.2.2}% 12
\BOOKMARK [3][-]{subsubsection.2.2.7}{Range-Normalized Euclidean }{subsection.2.2}% 13
\BOOKMARK [2][-]{subsection.2.3}{GWAS distance distributions}{section.2}% 14
\BOOKMARK [3][-]{subsubsection.2.3.1}{GM distance distribution}{subsection.2.3}% 15
\BOOKMARK [3][-]{subsubsection.2.3.2}{AM distance distribution}{subsection.2.3}% 16
\BOOKMARK [3][-]{subsubsection.2.3.3}{TiTv distance distribution}{subsection.2.3}% 17
\BOOKMARK [3][-]{subsubsection.2.3.4}{Distribution of one-dimensional projected GWAS distance onto a SNP}{subsection.2.3}% 18
\BOOKMARK [2][-]{subsection.2.4}{Time series correlation-based distance distribution}{section.2}% 19
\BOOKMARK [3][-]{subsubsection.2.4.1}{Max-min normalized time series correlation-based distance distribution}{subsection.2.4}% 20
\BOOKMARK [3][-]{subsubsection.2.4.2}{One-dimensional projection of rs-fMRI distance onto a single ROI}{subsection.2.4}% 21
\BOOKMARK [3][-]{subsubsection.2.4.3}{Normalized Manhattan \040for rs-fMRI}{subsection.2.4}% 22
\BOOKMARK [2][-]{subsection.2.5}{Comparison of theoretical and sample moments}{section.2}% 23
\BOOKMARK [1][-]{section.3}{Results}{}% 24
\BOOKMARK [2][-]{subsection.3.1}{Effects of correlation on distances}{section.3}% 25
\BOOKMARK [3][-]{subsubsection.3.1.1}{Continuous data}{subsection.3.1}% 26
\BOOKMARK [3][-]{subsubsection.3.1.2}{GWAS data}{subsection.3.1}% 27
\BOOKMARK [3][-]{subsubsection.3.1.3}{Time-series derived correlation-based datasets}{subsection.3.1}% 28
\BOOKMARK [2][-]{subsection.3.2}{Discussion}{section.3}% 29
