This is pdfTeX, Version 3.14159265-2.6-1.40.20 (MiKTeX 2.9.6960 64-bit) (preloaded format=pdflatex 2019.3.6)  26 OCT 2019 16:23
entering extended mode
**./theoretical_paper_aos.tex
(theoretical_paper_aos.tex
LaTeX2e <2018-12-01>
(imsart.cls
Document Class: imsart 2010/04/27 driver class for package imsart.sty
("C:\Program Files\MiKTeX 2.9\tex/latex/base\article.cls"
Document Class: article 2018/09/03 v1.4i Standard LaTeX document class
("C:\Program Files\MiKTeX 2.9\tex/latex/base\leqno.clo"
File: leqno.clo 2016/12/29 v1.2b Standard LaTeX option (left equation numbers)
)
("C:\Program Files\MiKTeX 2.9\tex/latex/base\size11.clo"
File: size11.clo 2018/09/03 v1.4i Standard LaTeX file (size option)
)
\c@part=\count80
\c@section=\count81
\c@subsection=\count82
\c@subsubsection=\count83
\c@paragraph=\count84
\c@subparagraph=\count85
\c@figure=\count86
\c@table=\count87
\abovecaptionskip=\skip41
\belowcaptionskip=\skip42
\bibindent=\dimen102
) (imsart.sty
File: imsart.sty 2014/10/16IMS article style (VS)

No file imsart.cnf.
("C:\Program Files\MiKTeX 2.9\tex/latex/base\leqno.clo"
File: leqno.clo 2016/12/29 v1.2b Standard LaTeX option (left equation numbers)
)
\c@firstpage=\count88
\c@lastpage=\count89
\c@thanks=\count90
\c@addressref=\count91

("C:\Program Files\MiKTeX 2.9\tex/latex/graphics\keyval.sty"
Package: keyval 2014/10/28 v1.15 key=value parser (DPC)
\KV@toks@=\toks14
)
\c@emailref=\count92
\c@author=\count93
\c@address=\count94
\sv@mathsurround=\dimen103
\sv@parindent=\dimen104
\fm@box=\box27
\fm@size=\dimen105
\t@xtheight=\dimen106
\abstract@box=\box28
\keyword@box=\box29
\pre@kwd@depth=\dimen107
\keyword@toks=\toks15
\authors@list=\toks16
\keywords@list=\toks17

No file imsart-aos.cnf.
)) ("C:\Program Files\MiKTeX 2.9\tex/latex/amscls\amsthm.sty"
Package: amsthm 2017/10/31 v2.20.4
\thm@style=\toks18
\thm@bodyfont=\toks19
\thm@headfont=\toks20
\thm@notefont=\toks21
\thm@headpunct=\toks22
\thm@preskip=\skip43
\thm@postskip=\skip44
\thm@headsep=\skip45
\dth@everypar=\toks23
)
("C:\Program Files\MiKTeX 2.9\tex/latex/amsmath\amsmath.sty"
Package: amsmath 2018/12/01 v2.17b AMS math features
\@mathmargin=\skip46

For additional information on amsmath, use the `?' option.
("C:\Program Files\MiKTeX 2.9\tex/latex/amsmath\amstext.sty"
Package: amstext 2000/06/29 v2.01 AMS text

("C:\Program Files\MiKTeX 2.9\tex/latex/amsmath\amsgen.sty"
File: amsgen.sty 1999/11/30 v2.0 generic functions
\@emptytoks=\toks24
\ex@=\dimen108
))
("C:\Program Files\MiKTeX 2.9\tex/latex/amsmath\amsbsy.sty"
Package: amsbsy 1999/11/29 v1.2d Bold Symbols
\pmbraise@=\dimen109
)
("C:\Program Files\MiKTeX 2.9\tex/latex/amsmath\amsopn.sty"
Package: amsopn 2016/03/08 v2.02 operator names
)
\inf@bad=\count95
LaTeX Info: Redefining \frac on input line 223.
\uproot@=\count96
\leftroot@=\count97
LaTeX Info: Redefining \overline on input line 385.
\classnum@=\count98
\DOTSCASE@=\count99
LaTeX Info: Redefining \ldots on input line 482.
LaTeX Info: Redefining \dots on input line 485.
LaTeX Info: Redefining \cdots on input line 606.
\Mathstrutbox@=\box30
\strutbox@=\box31
\big@size=\dimen110
LaTeX Font Info:    Redeclaring font encoding OML on input line 729.
LaTeX Font Info:    Redeclaring font encoding OMS on input line 730.
\macc@depth=\count100
\c@MaxMatrixCols=\count101
\dotsspace@=\muskip10
\c@parentequation=\count102
\dspbrk@lvl=\count103
\tag@help=\toks25
\row@=\count104
\column@=\count105
\maxfields@=\count106
\andhelp@=\toks26
\eqnshift@=\dimen111
\alignsep@=\dimen112
\tagshift@=\dimen113
\tagwidth@=\dimen114
\totwidth@=\dimen115
\lineht@=\dimen116
\@envbody=\toks27
\multlinegap=\skip47
\multlinetaggap=\skip48
\mathdisplay@stack=\toks28
LaTeX Info: Redefining \[ on input line 2844.
LaTeX Info: Redefining \] on input line 2845.
)
("C:\Program Files\MiKTeX 2.9\tex/latex/natbib\natbib.sty"
Package: natbib 2010/09/13 8.31b (PWD, AO)
\bibhang=\skip49
\bibsep=\skip50
LaTeX Info: Redefining \cite on input line 694.
\c@NAT@ctr=\count107
)
("C:\Program Files\MiKTeX 2.9\tex/latex/hyperref\hyperref.sty"
Package: hyperref 2018/11/30 v6.88e Hypertext links for LaTeX

("C:\Program Files\MiKTeX 2.9\tex/generic/oberdiek\hobsub-hyperref.sty"
Package: hobsub-hyperref 2016/05/16 v1.14 Bundle oberdiek, subset hyperref (HO)


("C:\Program Files\MiKTeX 2.9\tex/generic/oberdiek\hobsub-generic.sty"
Package: hobsub-generic 2016/05/16 v1.14 Bundle oberdiek, subset generic (HO)
Package: hobsub 2016/05/16 v1.14 Construct package bundles (HO)
Package: infwarerr 2016/05/16 v1.4 Providing info/warning/error messages (HO)
Package: ltxcmds 2016/05/16 v1.23 LaTeX kernel commands for general use (HO)
Package: ifluatex 2016/05/16 v1.4 Provides the ifluatex switch (HO)
Package ifluatex Info: LuaTeX not detected.
Package: ifvtex 2016/05/16 v1.6 Detect VTeX and its facilities (HO)
Package ifvtex Info: VTeX not detected.
Package: intcalc 2016/05/16 v1.2 Expandable calculations with integers (HO)
Package: ifpdf 2018/09/07 v3.3 Provides the ifpdf switch
Package: etexcmds 2016/05/16 v1.6 Avoid name clashes with e-TeX commands (HO)
Package: kvsetkeys 2016/05/16 v1.17 Key value parser (HO)
Package: kvdefinekeys 2016/05/16 v1.4 Define keys (HO)
Package: pdftexcmds 2018/09/10 v0.29 Utility functions of pdfTeX for LuaTeX (HO
)
Package pdftexcmds Info: LuaTeX not detected.
Package pdftexcmds Info: \pdf@primitive is available.
Package pdftexcmds Info: \pdf@ifprimitive is available.
Package pdftexcmds Info: \pdfdraftmode found.
Package: pdfescape 2016/05/16 v1.14 Implements pdfTeX's escape features (HO)
Package: bigintcalc 2016/05/16 v1.4 Expandable calculations on big integers (HO
)
Package: bitset 2016/05/16 v1.2 Handle bit-vector datatype (HO)
Package: uniquecounter 2016/05/16 v1.3 Provide unlimited unique counter (HO)
)
Package hobsub Info: Skipping package `hobsub' (already loaded).
Package: letltxmacro 2016/05/16 v1.5 Let assignment for LaTeX macros (HO)
Package: hopatch 2016/05/16 v1.3 Wrapper for package hooks (HO)
Package: xcolor-patch 2016/05/16 xcolor patch
Package: atveryend 2016/05/16 v1.9 Hooks at the very end of document (HO)
Package atveryend Info: \old@enddocument detected (standard20110627).
Package: atbegshi 2016/06/09 v1.18 At begin shipout hook (HO)
Package: refcount 2016/05/16 v3.5 Data extraction from label references (HO)
Package: hycolor 2016/05/16 v1.8 Color options for hyperref/bookmark (HO)
)
("C:\Program Files\MiKTeX 2.9\tex/generic/ifxetex\ifxetex.sty"
Package: ifxetex 2010/09/12 v0.6 Provides ifxetex conditional
)
("C:\Program Files\MiKTeX 2.9\tex/latex/oberdiek\auxhook.sty"
Package: auxhook 2016/05/16 v1.4 Hooks for auxiliary files (HO)
)
("C:\Program Files\MiKTeX 2.9\tex/latex/oberdiek\kvoptions.sty"
Package: kvoptions 2016/05/16 v3.12 Key value format for package options (HO)
)
\@linkdim=\dimen117
\Hy@linkcounter=\count108
\Hy@pagecounter=\count109

("C:\Program Files\MiKTeX 2.9\tex/latex/hyperref\pd1enc.def"
File: pd1enc.def 2018/11/30 v6.88e Hyperref: PDFDocEncoding definition (HO)
Now handling font encoding PD1 ...
... no UTF-8 mapping file for font encoding PD1
)
\Hy@SavedSpaceFactor=\count110

("C:\Program Files\MiKTeX 2.9\tex/latex/00miktex\hyperref.cfg"
File: hyperref.cfg 2002/06/06 v1.2 hyperref configuration of TeXLive
)
Package hyperref Info: Option `colorlinks' set `true' on input line 4393.


Package hyperref Warning: Option `pagecolor' is not available anymore.

Package hyperref Info: Option `linktocpage' set `true' on input line 4393.
Package hyperref Info: Option `colorlinks' set `true' on input line 4393.
Package hyperref Info: Hyper figures OFF on input line 4519.
Package hyperref Info: Link nesting OFF on input line 4524.
Package hyperref Info: Hyper index ON on input line 4527.
Package hyperref Info: Plain pages OFF on input line 4534.
Package hyperref Info: Backreferencing OFF on input line 4539.
Package hyperref Info: Implicit mode ON; LaTeX internals redefined.
Package hyperref Info: Bookmarks ON on input line 4772.
\c@Hy@tempcnt=\count111
("C:\Program Files\MiKTeX 2.9\tex/latex/url\url.sty"
\Urlmuskip=\muskip11
Package: url 2013/09/16  ver 3.4  Verb mode for urls, etc.
)
LaTeX Info: Redefining \url on input line 5125.
\XeTeXLinkMargin=\dimen118
\Fld@menulength=\count112
\Field@Width=\dimen119
\Fld@charsize=\dimen120
Package hyperref Info: Hyper figures OFF on input line 6380.
Package hyperref Info: Link nesting OFF on input line 6385.
Package hyperref Info: Hyper index ON on input line 6388.
Package hyperref Info: backreferencing OFF on input line 6395.
Package hyperref Info: Link coloring ON on input line 6398.
Package hyperref Info: Link coloring with OCG OFF on input line 6405.
Package hyperref Info: PDF/A mode OFF on input line 6410.
LaTeX Info: Redefining \ref on input line 6450.
LaTeX Info: Redefining \pageref on input line 6454.
\Hy@abspage=\count113
\c@Item=\count114
\c@Hfootnote=\count115
)
Package hyperref Info: Driver (autodetected): hpdftex.

("C:\Program Files\MiKTeX 2.9\tex/latex/hyperref\hpdftex.def"
File: hpdftex.def 2018/11/30 v6.88e Hyperref driver for pdfTeX
\Fld@listcount=\count116
\c@bookmark@seq@number=\count117

("C:\Program Files\MiKTeX 2.9\tex/latex/oberdiek\rerunfilecheck.sty"
Package: rerunfilecheck 2016/05/16 v1.8 Rerun checks for auxiliary files (HO)
Package uniquecounter Info: New unique counter `rerunfilecheck' on input line 2
82.
)
\Hy@SectionHShift=\skip51
)
("C:\Program Files\MiKTeX 2.9\tex/latex/float\float.sty"
Package: float 2001/11/08 v1.3d Float enhancements (AL)
\c@float@type=\count118
\float@exts=\toks29
\float@box=\box32
\@float@everytoks=\toks30
\@floatcapt=\box33
)
("C:\Program Files\MiKTeX 2.9\tex/latex/amsfonts\amssymb.sty"
Package: amssymb 2013/01/14 v3.01 AMS font symbols

("C:\Program Files\MiKTeX 2.9\tex/latex/amsfonts\amsfonts.sty"
Package: amsfonts 2013/01/14 v3.01 Basic AMSFonts support


Package amsfonts Warning: The 'psamsfonts' option is obsolete in AMSFonts v3.

\symAMSa=\mathgroup4
\symAMSb=\mathgroup5
LaTeX Font Info:    Overwriting math alphabet `\mathfrak' in version `bold'
(Font)                  U/euf/m/n --> U/euf/b/n on input line 106.
)) ("C:\Program Files\MiKTeX 2.9\tex/latex/xcolor\xcolor.sty"
Package: xcolor 2016/05/11 v2.12 LaTeX color extensions (UK)

("C:\Program Files\MiKTeX 2.9\tex/latex/graphics-cfg\color.cfg"
File: color.cfg 2016/01/02 v1.6 sample color configuration
)
Package xcolor Info: Driver file: pdftex.def on input line 225.

("C:\Program Files\MiKTeX 2.9\tex/latex/graphics-def\pdftex.def"
File: pdftex.def 2018/01/08 v1.0l Graphics/color driver for pdftex
)
("C:\Program Files\MiKTeX 2.9\tex/latex/colortbl\colortbl.sty"
Package: colortbl 2018/12/12 v1.0d Color table columns (DPC)

("C:\Program Files\MiKTeX 2.9\tex/latex/tools\array.sty"
Package: array 2018/12/30 v2.4k Tabular extension package (FMi)
\col@sep=\dimen121
\ar@mcellbox=\box34
\extrarowheight=\dimen122
\NC@list=\toks31
\extratabsurround=\skip52
\backup@length=\skip53
\ar@cellbox=\box35
)
\everycr=\toks32
\minrowclearance=\skip54
)
\rownum=\count119
Package xcolor Info: Model `cmy' substituted by `cmy0' on input line 1348.
Package xcolor Info: Model `hsb' substituted by `rgb' on input line 1352.
Package xcolor Info: Model `RGB' extended on input line 1364.
Package xcolor Info: Model `HTML' substituted by `rgb' on input line 1366.
Package xcolor Info: Model `Hsb' substituted by `hsb' on input line 1367.
Package xcolor Info: Model `tHsb' substituted by `hsb' on input line 1368.
Package xcolor Info: Model `HSB' substituted by `hsb' on input line 1369.
Package xcolor Info: Model `Gray' substituted by `gray' on input line 1370.
Package xcolor Info: Model `wave' substituted by `hsb' on input line 1371.
)
("C:\Program Files\MiKTeX 2.9\tex/latex/adjustbox\adjustbox.sty"
Package: adjustbox 2019/01/04 v1.2 Adjusting TeX boxes (trim, clip, ...)

("C:\Program Files\MiKTeX 2.9\tex/latex/xkeyval\xkeyval.sty"
Package: xkeyval 2014/12/03 v2.7a package option processing (HA)

("C:\Program Files\MiKTeX 2.9\tex/generic/xkeyval\xkeyval.tex"
("C:\Program Files\MiKTeX 2.9\tex/generic/xkeyval\xkvutils.tex"
\XKV@toks=\toks33
\XKV@tempa@toks=\toks34
)
\XKV@depth=\count120
File: xkeyval.tex 2014/12/03 v2.7a key=value parser (HA)
))
("C:\Program Files\MiKTeX 2.9\tex/latex/adjustbox\adjcalc.sty"
Package: adjcalc 2012/05/16 v1.1 Provides advanced setlength with multiple back
-ends (calc, etex, pgfmath)
)
("C:\Program Files\MiKTeX 2.9\tex/latex/adjustbox\trimclip.sty"
Package: trimclip 2018/04/08 v1.1 Trim and clip general TeX material

("C:\Program Files\MiKTeX 2.9\tex/latex/graphics\graphicx.sty"
Package: graphicx 2017/06/01 v1.1a Enhanced LaTeX Graphics (DPC,SPQR)

("C:\Program Files\MiKTeX 2.9\tex/latex/graphics\graphics.sty"
Package: graphics 2017/06/25 v1.2c Standard LaTeX Graphics (DPC,SPQR)

("C:\Program Files\MiKTeX 2.9\tex/latex/graphics\trig.sty"
Package: trig 2016/01/03 v1.10 sin cos tan (DPC)
)
("C:\Program Files\MiKTeX 2.9\tex/latex/graphics-cfg\graphics.cfg"
File: graphics.cfg 2016/06/04 v1.11 sample graphics configuration
)
Package graphics Info: Driver file: pdftex.def on input line 99.
)
\Gin@req@height=\dimen123
\Gin@req@width=\dimen124
)
("C:\Program Files\MiKTeX 2.9\tex/latex/collectbox\collectbox.sty"
Package: collectbox 2012/05/17 v0.4b Collect macro arguments as boxes
\collectedbox=\box36
)
\tc@llx=\dimen125
\tc@lly=\dimen126
\tc@urx=\dimen127
\tc@ury=\dimen128
Package trimclip Info: Using driver 'tc-pdftex.def'.

("C:\Program Files\MiKTeX 2.9\tex/latex/adjustbox\tc-pdftex.def"
File: tc-pdftex.def 2019/01/04 v2.2 Clipping driver for pdftex
))
\adjbox@Width=\dimen129
\adjbox@Height=\dimen130
\adjbox@Depth=\dimen131
\adjbox@Totalheight=\dimen132
\adjbox@pwidth=\dimen133
\adjbox@pheight=\dimen134
\adjbox@pdepth=\dimen135
\adjbox@ptotalheight=\dimen136

("C:\Program Files\MiKTeX 2.9\tex/latex/ifoddpage\ifoddpage.sty"
Package: ifoddpage 2016/04/23 v1.1 Conditionals for odd/even page detection
\c@checkoddpage=\count121
)
("C:\Program Files\MiKTeX 2.9\tex/latex/varwidth\varwidth.sty"
Package: varwidth 2009/03/30 ver 0.92;  Variable-width minipages
\@vwid@box=\box37
\sift@deathcycles=\count122
\@vwid@loff=\dimen137
\@vwid@roff=\dimen138
))
("C:\Program Files\MiKTeX 2.9\tex/latex/tools\bm.sty"
Package: bm 2017/01/16 v1.2c Bold Symbol Support (DPC/FMi)
\symboldoperators=\mathgroup6
\symboldletters=\mathgroup7
\symboldsymbols=\mathgroup8
LaTeX Font Info:    Redeclaring math alphabet \mathbf on input line 141.
LaTeX Info: Redefining \bm on input line 207.
)
("C:\Program Files\MiKTeX 2.9\tex/latex/pgf/frontendlayer\tikz.sty"
("C:\Program Files\MiKTeX 2.9\tex/latex/pgf/basiclayer\pgf.sty"
("C:\Program Files\MiKTeX 2.9\tex/latex/pgf/utilities\pgfrcs.sty"
("C:\Program Files\MiKTeX 2.9\tex/generic/pgf/utilities\pgfutil-common.tex"
\pgfutil@everybye=\toks35
\pgfutil@tempdima=\dimen139
\pgfutil@tempdimb=\dimen140

("C:\Program Files\MiKTeX 2.9\tex/generic/pgf/utilities\pgfutil-common-lists.te
x")) ("C:\Program Files\MiKTeX 2.9\tex/generic/pgf/utilities\pgfutil-latex.def"
\pgfutil@abb=\box38
("C:\Program Files\MiKTeX 2.9\tex/latex/ms\everyshi.sty"
Package: everyshi 2001/05/15 v3.00 EveryShipout Package (MS)
))
("C:\Program Files\MiKTeX 2.9\tex/generic/pgf/utilities\pgfrcs.code.tex"
("C:\Program Files\MiKTeX 2.9\tex/generic/pgf\pgf.revision.tex")
Package: pgfrcs 2019/02/02 v3.1.1 (3.1.1)
))
Package: pgf 2019/02/02 v3.1.1 (3.1.1)

("C:\Program Files\MiKTeX 2.9\tex/latex/pgf/basiclayer\pgfcore.sty"
("C:\Program Files\MiKTeX 2.9\tex/latex/pgf/systemlayer\pgfsys.sty"
("C:\Program Files\MiKTeX 2.9\tex/generic/pgf/systemlayer\pgfsys.code.tex"
Package: pgfsys 2019/02/02 v3.1.1 (3.1.1)

("C:\Program Files\MiKTeX 2.9\tex/generic/pgf/utilities\pgfkeys.code.tex"
\pgfkeys@pathtoks=\toks36
\pgfkeys@temptoks=\toks37

("C:\Program Files\MiKTeX 2.9\tex/generic/pgf/utilities\pgfkeysfiltered.code.te
x"
\pgfkeys@tmptoks=\toks38
))
\pgf@x=\dimen141
\pgf@y=\dimen142
\pgf@xa=\dimen143
\pgf@ya=\dimen144
\pgf@xb=\dimen145
\pgf@yb=\dimen146
\pgf@xc=\dimen147
\pgf@yc=\dimen148
\w@pgf@writea=\write3
\r@pgf@reada=\read1
\c@pgf@counta=\count123
\c@pgf@countb=\count124
\c@pgf@countc=\count125
\c@pgf@countd=\count126
\t@pgf@toka=\toks39
\t@pgf@tokb=\toks40
\t@pgf@tokc=\toks41
\pgf@sys@id@count=\count127
 ("C:\Program Files\MiKTeX 2.9\tex/generic/pgf/systemlayer\pgf.cfg"
File: pgf.cfg 2019/02/02 v3.1.1 (3.1.1)
)
Driver file for pgf: pgfsys-pdftex.def

("C:\Program Files\MiKTeX 2.9\tex/generic/pgf/systemlayer\pgfsys-pdftex.def"
File: pgfsys-pdftex.def 2019/02/02 v3.1.1 (3.1.1)

("C:\Program Files\MiKTeX 2.9\tex/generic/pgf/systemlayer\pgfsys-common-pdf.def
"
File: pgfsys-common-pdf.def 2019/02/02 v3.1.1 (3.1.1)
)))
("C:\Program Files\MiKTeX 2.9\tex/generic/pgf/systemlayer\pgfsyssoftpath.code.t
ex"
File: pgfsyssoftpath.code.tex 2019/02/02 v3.1.1 (3.1.1)
\pgfsyssoftpath@smallbuffer@items=\count128
\pgfsyssoftpath@bigbuffer@items=\count129
)
("C:\Program Files\MiKTeX 2.9\tex/generic/pgf/systemlayer\pgfsysprotocol.code.t
ex"
File: pgfsysprotocol.code.tex 2019/02/02 v3.1.1 (3.1.1)
)) ("C:\Program Files\MiKTeX 2.9\tex/generic/pgf/basiclayer\pgfcore.code.tex"
Package: pgfcore 2019/02/02 v3.1.1 (3.1.1)
 ("C:\Program Files\MiKTeX 2.9\tex/generic/pgf/math\pgfmath.code.tex"
("C:\Program Files\MiKTeX 2.9\tex/generic/pgf/math\pgfmathcalc.code.tex"
("C:\Program Files\MiKTeX 2.9\tex/generic/pgf/math\pgfmathutil.code.tex")
("C:\Program Files\MiKTeX 2.9\tex/generic/pgf/math\pgfmathparser.code.tex"
\pgfmath@dimen=\dimen149
\pgfmath@count=\count130
\pgfmath@box=\box39
\pgfmath@toks=\toks42
\pgfmath@stack@operand=\toks43
\pgfmath@stack@operation=\toks44
)
("C:\Program Files\MiKTeX 2.9\tex/generic/pgf/math\pgfmathfunctions.code.tex"
("C:\Program Files\MiKTeX 2.9\tex/generic/pgf/math\pgfmathfunctions.basic.code.
tex")
("C:\Program Files\MiKTeX 2.9\tex/generic/pgf/math\pgfmathfunctions.trigonometr
ic.code.tex")
("C:\Program Files\MiKTeX 2.9\tex/generic/pgf/math\pgfmathfunctions.random.code
.tex")
("C:\Program Files\MiKTeX 2.9\tex/generic/pgf/math\pgfmathfunctions.comparison.
code.tex")
("C:\Program Files\MiKTeX 2.9\tex/generic/pgf/math\pgfmathfunctions.base.code.t
ex")
("C:\Program Files\MiKTeX 2.9\tex/generic/pgf/math\pgfmathfunctions.round.code.
tex")
("C:\Program Files\MiKTeX 2.9\tex/generic/pgf/math\pgfmathfunctions.misc.code.t
ex")
("C:\Program Files\MiKTeX 2.9\tex/generic/pgf/math\pgfmathfunctions.integerarit
hmetics.code.tex")))
("C:\Program Files\MiKTeX 2.9\tex/generic/pgf/math\pgfmathfloat.code.tex"
\c@pgfmathroundto@lastzeros=\count131
))
("C:\Program Files\MiKTeX 2.9\tex/generic/pgf/basiclayer\pgfcorepoints.code.tex
"
File: pgfcorepoints.code.tex 2019/02/02 v3.1.1 (3.1.1)
\pgf@picminx=\dimen150
\pgf@picmaxx=\dimen151
\pgf@picminy=\dimen152
\pgf@picmaxy=\dimen153
\pgf@pathminx=\dimen154
\pgf@pathmaxx=\dimen155
\pgf@pathminy=\dimen156
\pgf@pathmaxy=\dimen157
\pgf@xx=\dimen158
\pgf@xy=\dimen159
\pgf@yx=\dimen160
\pgf@yy=\dimen161
\pgf@zx=\dimen162
\pgf@zy=\dimen163
)
("C:\Program Files\MiKTeX 2.9\tex/generic/pgf/basiclayer\pgfcorepathconstruct.c
ode.tex"
File: pgfcorepathconstruct.code.tex 2019/02/02 v3.1.1 (3.1.1)
\pgf@path@lastx=\dimen164
\pgf@path@lasty=\dimen165
)
("C:\Program Files\MiKTeX 2.9\tex/generic/pgf/basiclayer\pgfcorepathusage.code.
tex"
File: pgfcorepathusage.code.tex 2019/02/02 v3.1.1 (3.1.1)
\pgf@shorten@end@additional=\dimen166
\pgf@shorten@start@additional=\dimen167
)
("C:\Program Files\MiKTeX 2.9\tex/generic/pgf/basiclayer\pgfcorescopes.code.tex
"
File: pgfcorescopes.code.tex 2019/02/02 v3.1.1 (3.1.1)
\pgfpic=\box40
\pgf@hbox=\box41
\pgf@layerbox@main=\box42
\pgf@picture@serial@count=\count132
)
("C:\Program Files\MiKTeX 2.9\tex/generic/pgf/basiclayer\pgfcoregraphicstate.co
de.tex"
File: pgfcoregraphicstate.code.tex 2019/02/02 v3.1.1 (3.1.1)
\pgflinewidth=\dimen168
)
("C:\Program Files\MiKTeX 2.9\tex/generic/pgf/basiclayer\pgfcoretransformations
.code.tex"
File: pgfcoretransformations.code.tex 2019/02/02 v3.1.1 (3.1.1)
\pgf@pt@x=\dimen169
\pgf@pt@y=\dimen170
\pgf@pt@temp=\dimen171
)
("C:\Program Files\MiKTeX 2.9\tex/generic/pgf/basiclayer\pgfcorequick.code.tex"
File: pgfcorequick.code.tex 2019/02/02 v3.1.1 (3.1.1)
)
("C:\Program Files\MiKTeX 2.9\tex/generic/pgf/basiclayer\pgfcoreobjects.code.te
x"
File: pgfcoreobjects.code.tex 2019/02/02 v3.1.1 (3.1.1)
)
("C:\Program Files\MiKTeX 2.9\tex/generic/pgf/basiclayer\pgfcorepathprocessing.
code.tex"
File: pgfcorepathprocessing.code.tex 2019/02/02 v3.1.1 (3.1.1)
)
("C:\Program Files\MiKTeX 2.9\tex/generic/pgf/basiclayer\pgfcorearrows.code.tex
"
File: pgfcorearrows.code.tex 2019/02/02 v3.1.1 (3.1.1)
\pgfarrowsep=\dimen172
)
("C:\Program Files\MiKTeX 2.9\tex/generic/pgf/basiclayer\pgfcoreshade.code.tex"
File: pgfcoreshade.code.tex 2019/02/02 v3.1.1 (3.1.1)
\pgf@max=\dimen173
\pgf@sys@shading@range@num=\count133
) ("C:\Program Files\MiKTeX 2.9\tex/generic/pgf/basiclayer\pgfcoreimage.code.te
x"
File: pgfcoreimage.code.tex 2019/02/02 v3.1.1 (3.1.1)

("C:\Program Files\MiKTeX 2.9\tex/generic/pgf/basiclayer\pgfcoreexternal.code.t
ex"
File: pgfcoreexternal.code.tex 2019/02/02 v3.1.1 (3.1.1)
\pgfexternal@startupbox=\box43
))
("C:\Program Files\MiKTeX 2.9\tex/generic/pgf/basiclayer\pgfcorelayers.code.tex
"
File: pgfcorelayers.code.tex 2019/02/02 v3.1.1 (3.1.1)
)
("C:\Program Files\MiKTeX 2.9\tex/generic/pgf/basiclayer\pgfcoretransparency.co
de.tex"
File: pgfcoretransparency.code.tex 2019/02/02 v3.1.1 (3.1.1)
)
("C:\Program Files\MiKTeX 2.9\tex/generic/pgf/basiclayer\pgfcorepatterns.code.t
ex"
File: pgfcorepatterns.code.tex 2019/02/02 v3.1.1 (3.1.1)
)
("C:\Program Files\MiKTeX 2.9\tex/generic/pgf/basiclayer\pgfcorerdf.code.tex"
File: pgfcorerdf.code.tex 2019/02/02 v3.1.1 (3.1.1)
))) ("C:\Program Files\MiKTeX 2.9\tex/generic/pgf/modules\pgfmoduleshapes.code.
tex"
File: pgfmoduleshapes.code.tex 2019/02/02 v3.1.1 (3.1.1)
\pgfnodeparttextbox=\box44
) ("C:\Program Files\MiKTeX 2.9\tex/generic/pgf/modules\pgfmoduleplot.code.tex"
File: pgfmoduleplot.code.tex 2019/02/02 v3.1.1 (3.1.1)
)
("C:\Program Files\MiKTeX 2.9\tex/latex/pgf/compatibility\pgfcomp-version-0-65.
sty"
Package: pgfcomp-version-0-65 2019/02/02 v3.1.1 (3.1.1)
\pgf@nodesepstart=\dimen174
\pgf@nodesepend=\dimen175
)
("C:\Program Files\MiKTeX 2.9\tex/latex/pgf/compatibility\pgfcomp-version-1-18.
sty"
Package: pgfcomp-version-1-18 2019/02/02 v3.1.1 (3.1.1)
)) ("C:\Program Files\MiKTeX 2.9\tex/latex/pgf/utilities\pgffor.sty"
("C:\Program Files\MiKTeX 2.9\tex/latex/pgf/utilities\pgfkeys.sty"
("C:\Program Files\MiKTeX 2.9\tex/generic/pgf/utilities\pgfkeys.code.tex"))
("C:\Program Files\MiKTeX 2.9\tex/latex/pgf/math\pgfmath.sty"
("C:\Program Files\MiKTeX 2.9\tex/generic/pgf/math\pgfmath.code.tex"))
("C:\Program Files\MiKTeX 2.9\tex/generic/pgf/utilities\pgffor.code.tex"
Package: pgffor 2019/02/02 v3.1.1 (3.1.1)

("C:\Program Files\MiKTeX 2.9\tex/generic/pgf/math\pgfmath.code.tex")
\pgffor@iter=\dimen176
\pgffor@skip=\dimen177
\pgffor@stack=\toks45
\pgffor@toks=\toks46
))
("C:\Program Files\MiKTeX 2.9\tex/generic/pgf/frontendlayer/tikz\tikz.code.tex"
Package: tikz 2019/02/02 v3.1.1 (3.1.1)

("C:\Program Files\MiKTeX 2.9\tex/generic/pgf/libraries\pgflibraryplothandlers.
code.tex"
File: pgflibraryplothandlers.code.tex 2019/02/02 v3.1.1 (3.1.1)
\pgf@plot@mark@count=\count134
\pgfplotmarksize=\dimen178
)
\tikz@lastx=\dimen179
\tikz@lasty=\dimen180
\tikz@lastxsaved=\dimen181
\tikz@lastysaved=\dimen182
\tikzleveldistance=\dimen183
\tikzsiblingdistance=\dimen184
\tikz@figbox=\box45
\tikz@figbox@bg=\box46
\tikz@tempbox=\box47
\tikz@tempbox@bg=\box48
\tikztreelevel=\count135
\tikznumberofchildren=\count136
\tikznumberofcurrentchild=\count137
\tikz@fig@count=\count138

("C:\Program Files\MiKTeX 2.9\tex/generic/pgf/modules\pgfmodulematrix.code.tex"
File: pgfmodulematrix.code.tex 2019/02/02 v3.1.1 (3.1.1)
\pgfmatrixcurrentrow=\count139
\pgfmatrixcurrentcolumn=\count140
\pgf@matrix@numberofcolumns=\count141
)
\tikz@expandcount=\count142

("C:\Program Files\MiKTeX 2.9\tex/generic/pgf/frontendlayer/tikz/libraries\tikz
librarytopaths.code.tex"
File: tikzlibrarytopaths.code.tex 2019/02/02 v3.1.1 (3.1.1)
)))
\c@theorem=\count143
\c@definition=\count144
 (theoretical_paper_aos.aux

LaTeX Warning: Label `m1thanks' multiply defined.


LaTeX Warning: Label `m2thanks' multiply defined.

)
\openout1 = `theoretical_paper_aos.aux'.

LaTeX Font Info:    Checking defaults for OML/cmm/m/it on input line 56.
LaTeX Font Info:    ... okay on input line 56.
LaTeX Font Info:    Checking defaults for T1/cmr/m/n on input line 56.
LaTeX Font Info:    ... okay on input line 56.
LaTeX Font Info:    Checking defaults for OT1/cmr/m/n on input line 56.
LaTeX Font Info:    ... okay on input line 56.
LaTeX Font Info:    Checking defaults for OMS/cmsy/m/n on input line 56.
LaTeX Font Info:    ... okay on input line 56.
LaTeX Font Info:    Checking defaults for OMX/cmex/m/n on input line 56.
LaTeX Font Info:    ... okay on input line 56.
LaTeX Font Info:    Checking defaults for U/cmr/m/n on input line 56.
LaTeX Font Info:    ... okay on input line 56.
LaTeX Font Info:    Checking defaults for PD1/pdf/m/n on input line 56.
LaTeX Font Info:    ... okay on input line 56.
\AtBeginShipoutBox=\box49
Package hyperref Info: Link coloring ON on input line 56.
 ("C:\Program Files\MiKTeX 2.9\tex/latex/hyperref\nameref.sty"
Package: nameref 2016/05/21 v2.44 Cross-referencing by name of section

("C:\Program Files\MiKTeX 2.9\tex/generic/oberdiek\gettitlestring.sty"
Package: gettitlestring 2016/05/16 v1.5 Cleanup title references (HO)
)
\c@section@level=\count145
)
LaTeX Info: Redefining \ref on input line 56.
LaTeX Info: Redefining \pageref on input line 56.
LaTeX Info: Redefining \nameref on input line 56.

(theoretical_paper_aos.out) (theoretical_paper_aos.out)
\@outlinefile=\write4
\openout4 = `theoretical_paper_aos.out'.


("C:\Program Files\MiKTeX 2.9\tex/context/base/mkii\supp-pdf.mkii"
[Loading MPS to PDF converter (version 2006.09.02).]
\scratchcounter=\count146
\scratchdimen=\dimen185
\scratchbox=\box50
\nofMPsegments=\count147
\nofMParguments=\count148
\everyMPshowfont=\toks47
\MPscratchCnt=\count149
\MPscratchDim=\dimen186
\MPnumerator=\count150
\makeMPintoPDFobject=\count151
\everyMPtoPDFconversion=\toks48
) ("C:\Program Files\MiKTeX 2.9\tex/latex/oberdiek\epstopdf-base.sty"
Package: epstopdf-base 2016/05/15 v2.6 Base part for package epstopdf

("C:\Program Files\MiKTeX 2.9\tex/latex/oberdiek\grfext.sty"
Package: grfext 2016/05/16 v1.2 Manage graphics extensions (HO)
)
Package epstopdf-base Info: Redefining graphics rule for `.eps' on input line 4
38.
Package grfext Info: Graphics extension search list:
(grfext)             [.pdf,.png,.jpg,.mps,.jpeg,.jbig2,.jb2,.PDF,.PNG,.JPG,.JPE
G,.JBIG2,.JB2,.eps]
(grfext)             \AppendGraphicsExtensions on input line 456.
)
ABD: EveryShipout initializing macros
LaTeX Font Info:    Try loading font information for U+msa on input line 61.

("C:\Program Files\MiKTeX 2.9\tex/latex/amsfonts\umsa.fd"
File: umsa.fd 2013/01/14 v3.01 AMS symbols A
)
LaTeX Font Info:    Try loading font information for U+msb on input line 61.

("C:\Program Files\MiKTeX 2.9\tex/latex/amsfonts\umsb.fd"
File: umsb.fd 2013/01/14 v3.01 AMS symbols B
)
LaTeX Font Info:    Try loading font information for OMS+cmr on input line 65.

("C:\Program Files\MiKTeX 2.9\tex/latex/base\omscmr.fd"
File: omscmr.fd 2014/09/29 v2.5h Standard LaTeX font definitions
)
LaTeX Font Info:    Font shape `OMS/cmr/m/n' in size <8> not available
(Font)              Font shape `OMS/cmsy/m/n' tried instead on input line 65.
\@address@1=\toks49
\@address@2=\toks50
\@address@3=\toks51
LaTeX Font Info:    Font shape `OMS/cmr/m/n' in size <6> not available
(Font)              Font shape `OMS/cmsy/m/n' tried instead on input line 113.
 [1{C:/Users/bdawk/AppData/Local/MiKTeX/2.9/pdftex/config/pdftex.map}

]
Overfull \hbox (22.72055pt too wide) has occurred while \output is active
 []
 []

[2]
Overfull \hbox (22.72055pt too wide) has occurred while \output is active
 []
 []

[3]
Overfull \hbox (6.645pt too wide) in paragraph at lines 162--164
 \OT1/cmr/m/n/10.95 1.1.\OT1/cmr/m/it/10.95 Asymptotic nor-mal-ity of pair-wise
 dis-tances.[][] \OT1/cmr/m/n/10.95 Sup-pose that $\OML/cmm/m/it/10.95 X[]; X[]
 []
 []


Overfull \hbox (22.72055pt too wide) has occurred while \output is active
 []
 []

[4]
Overfull \hbox (22.72055pt too wide) has occurred while \output is active
 []
 []

[5]
<central_limit_hist_uniform-data.pdf, id=282, 839.66095pt x 854.32774pt>
File: central_limit_hist_uniform-data.pdf Graphic file (type pdf)
<use central_limit_hist_uniform-data.pdf>
Package pdftex.def Info: central_limit_hist_uniform-data.pdf  used on input lin
e 210.
(pdftex.def)             Requested size: 352.79846pt x 358.9586pt.

Overfull \hbox (22.72055pt too wide) has occurred while \output is active
 []
 []

[6]
Overfull \hbox (22.72055pt too wide) has occurred while \output is active
 []
 []

[7pdfTeX warning (ext4): destination with the same identifier (name{figure.1}) 
has been already used, duplicate ignored

\AtBegShi@Output ...ipout \box \AtBeginShipoutBox 
                                                  \fi \fi 
l.243 
       <./central_limit_hist_uniform-data.pdf>]
Overfull \hbox (22.72055pt too wide) has occurred while \output is active
 []
 []

[8]
Overfull \hbox (49.29517pt too wide) detected at line 328
[][][]
 []


Overfull \hbox (22.72055pt too wide) has occurred while \output is active
 []
 []

[9]
Overfull \hbox (22.74722pt too wide) detected at line 337
[][][]
 []


Overfull \hbox (22.72055pt too wide) has occurred while \output is active
 []
 []

[10]
Overfull \hbox (22.72055pt too wide) has occurred while \output is active
 []
 []

[11]
Overfull \hbox (44.46062pt too wide) detected at line 418
[]\OML/cmm/m/it/10.95 [] \OT1/cmr/m/n/10.95 = [] [] = [] [] = [] [] [] = [] []
 = []\OML/cmm/m/it/10.95 p
 []


Overfull \hbox (19.8287pt too wide) detected at line 436
[]\OMS/cmsy/m/n/10.95 N [] \OML/cmm/m/it/10.95 :
 []


Overfull \hbox (22.72055pt too wide) has occurred while \output is active
 []
 []

[12]
Overfull \hbox (22.74722pt too wide) detected at line 467
[][][]
 []


Overfull \hbox (22.72055pt too wide) has occurred while \output is active
 []
 []

[13]
Overfull \hbox (22.72055pt too wide) has occurred while \output is active
 []
 []

[14]
Overfull \hbox (2.62907pt too wide) in paragraph at lines 525--526
 \OT1/cmr/m/n/10.95 2.2.\OT1/cmr/m/it/10.95 Manhattan ($\OML/cmm/m/it/10.95 L[]
$\OT1/cmr/m/it/10.95 ).[][] \OT1/cmr/m/n/10.95 With our gen-eral for-mu-las for
 the asymp-totic mean
 []


Overfull \hbox (22.72055pt too wide) has occurred while \output is active
 []
 []

[15]
Overfull \hbox (9.91365pt too wide) detected at line 571
[][][]
 []


Overfull \hbox (22.72055pt too wide) has occurred while \output is active
 []
 []

[16]
Overfull \hbox (0.64577pt too wide) in paragraph at lines 577--578
 \OT1/cmr/m/n/10.95 2.2.3.\OT1/cmr/m/it/10.95 Distribution of one-dimensional p
ro-jec-tion of pair-wise dis-tance onto
 []


Overfull \hbox (4.17763pt too wide) in paragraph at lines 577--578
\OT1/cmr/m/it/10.95 an at-tribute.[][] \OT1/cmr/m/n/10.95 In nearest-neighbor d
istance-based fea-ture se-lec-tion like NPDR
 []


Overfull \hbox (22.72055pt too wide) has occurred while \output is active
 []
 []

[17]
Overfull \hbox (22.72055pt too wide) has occurred while \output is active
 []
 []

[18]
Overfull \hbox (22.72055pt too wide) has occurred while \output is active
 []
 []

[19]
Overfull \hbox (9.91365pt too wide) detected at line 698
[][][]
 []


Overfull \hbox (22.72055pt too wide) has occurred while \output is active
 []
 []

[20]
Overfull \hbox (22.72055pt too wide) has occurred while \output is active
 []
 []

[21]
Overfull \hbox (43.20825pt too wide) in paragraph at lines 745--746
[][][]\OT1/cmr/m/sc/10.95 Theorem \OT1/cmr/m/n/10.95 2.2 (Fish-er-Tip-pet-t-Gne
-denko)\OT1/cmr/m/sc/10.95 . []\OT1/cmr/m/it/10.95 Let $\OML/cmm/m/it/10.95 X[]
; X[]; [] ; X[] [] \OMS/cmsy/m/n/10.95 F[] []$
 []


Overfull \hbox (22.72055pt too wide) has occurred while \output is active
 []
 []

[22]
Overfull \hbox (22.72055pt too wide) has occurred while \output is active
 []
 []

[23]
Overfull \hbox (22.72055pt too wide) has occurred while \output is active
 []
 []

[24]
Overfull \hbox (22.72055pt too wide) has occurred while \output is active
 []
 []

[25]
Overfull \hbox (22.72055pt too wide) has occurred while \output is active
 []
 []

[26]
Overfull \hbox (40.48033pt too wide) detected at line 945
[][][]
 []


Overfull \hbox (22.72055pt too wide) has occurred while \output is active
 []
 []

[27]
Overfull \hbox (12.4893pt too wide) detected at line 953
[]\OML/cmm/m/it/10.95 D[] [] \OMS/cmsy/m/n/10.95 N [] \OML/cmm/m/it/10.95 ;
 []


Overfull \hbox (22.72055pt too wide) has occurred while \output is active
 []
 []

[28]
Overfull \hbox (22.72055pt too wide) has occurred while \output is active
 []
 []

[29]
Overfull \hbox (22.72055pt too wide) has occurred while \output is active
 []
 []

[30]
Overfull \hbox (22.72055pt too wide) has occurred while \output is active
 []
 []

[31]
Overfull \hbox (22.72055pt too wide) has occurred while \output is active
 []
 []

[32]
Overfull \hbox (22.72055pt too wide) has occurred while \output is active
 []
 []

[33]
Overfull \hbox (6.20256pt too wide) in paragraph at lines 1173--1175
[]\OT1/cmr/m/n/10.95 Then the ex-pected max-i-mum and min-i-mum are com-puted t
hrough straight-
 []


Overfull \hbox (22.72055pt too wide) has occurred while \output is active
 []
 []

[34]
Overfull \hbox (22.72055pt too wide) has occurred while \output is active
 []
 []

[35]
Overfull \hbox (22.72055pt too wide) has occurred while \output is active
 []
 []

[36]
Overfull \hbox (22.72055pt too wide) has occurred while \output is active
 []
 []

[37]
Overfull \hbox (22.72055pt too wide) has occurred while \output is active
 []
 []

[38]
<updated_distributions_table(5-23-2019).pdf, id=804, 481.5611pt x 524.43027pt>
File: updated_distributions_table(5-23-2019).pdf Graphic file (type pdf)
<use updated_distributions_table(5-23-2019).pdf>
Package pdftex.def Info: updated_distributions_table(5-23-2019).pdf  used on in
put line 1335.
(pdftex.def)             Requested size: 360.0pt x 397.32228pt.

Overfull \hbox (22.72055pt too wide) has occurred while \output is active
 []
 []

[39]
<updated_typical_metrics_table.pdf, id=828, 314.27011pt x 374.28532pt>
File: updated_typical_metrics_table.pdf Graphic file (type pdf)
<use updated_typical_metrics_table.pdf>
Package pdftex.def Info: updated_typical_metrics_table.pdf  used on input line 
1395.
(pdftex.def)             Requested size: 251.9989pt x 306.47757pt.

Overfull \hbox (22.72055pt too wide) has occurred while \output is active
 []
 []

[40pdfTeX warning (ext4): destination with the same identifier (name{table.1}) 
has been already used, duplicate ignored

\AtBegShi@Output ...ipout \box \AtBeginShipoutBox 
                                                  \fi \fi 
l.1429 
        <./updated_distributions_table(5-23-2019).pdf>]
<updated_typical_metrics_table(normalized).pdf, id=914, 376.8248pt x 563.55441p
t>
File: updated_typical_metrics_table(normalized).pdf Graphic file (type pdf)
<use updated_typical_metrics_table(normalized).pdf>
Package pdftex.def Info: updated_typical_metrics_table(normalized).pdf  used on
 input line 1437.
(pdftex.def)             Requested size: 306.0022pt x 465.99452pt.

Overfull \hbox (22.72055pt too wide) has occurred while \output is active
 []
 []

[41pdfTeX warning (ext4): destination with the same identifier (name{table.2}) 
has been already used, duplicate ignored

\AtBegShi@Output ...ipout \box \AtBeginShipoutBox 
                                                  \fi \fi 
l.1473 
        <./updated_typical_metrics_table.pdf>]
Overfull \vbox (1.06044pt too high) has occurred while \output is active []


Overfull \hbox (22.72055pt too wide) has occurred while \output is active
 []
 []

[42pdfTeX warning (ext4): destination with the same identifier (name{table.3}) 
has been already used, duplicate ignored

\AtBegShi@Output ...ipout \box \AtBeginShipoutBox 
                                                  \fi \fi 
l.1473 
        <./updated_typical_metrics_table(normalized).pdf>]
Overfull \hbox (22.72055pt too wide) has occurred while \output is active
 []
 []

[43]
Overfull \hbox (2.83847pt too wide) in paragraph at lines 1533--1534
\OT1/cmr/m/n/10.95 neighbor fea-ture se-lec-tion in GWAS data is the GM dis-tan
ce met-ric (Eq. [][]110[][]).
 []


Overfull \hbox (32.08653pt too wide) detected at line 1547
[][][]
 []


Overfull \hbox (22.72055pt too wide) has occurred while \output is active
 []
 []

[44]
Overfull \hbox (18.862pt too wide) detected at line 1579
[][][]
 []


Overfull \hbox (22.72055pt too wide) has occurred while \output is active
 []
 []

[45]
Overfull \hbox (6.7621pt too wide) detected at line 1592
[][][]
 []


Overfull \hbox (22.72055pt too wide) has occurred while \output is active
 []
 []

[46]
Overfull \hbox (26.31003pt too wide) detected at line 1623
[][][]
 []


Overfull \hbox (22.72055pt too wide) has occurred while \output is active
 []
 []

[47]
Overfull \hbox (20.55603pt too wide) detected at line 1649
[][][]
 []


Overfull \hbox (22.72055pt too wide) has occurred while \output is active
 []
 []

[48]
<TiTv_diagram2.pdf, id=1069, 278.1602pt x 227.42767pt>
File: TiTv_diagram2.pdf Graphic file (type pdf)
<use TiTv_diagram2.pdf>
Package pdftex.def Info: TiTv_diagram2.pdf  used on input line 1682.
(pdftex.def)             Requested size: 212.03764pt x 173.36389pt.

Underfull \hbox (badness 1888) in paragraph at lines 1685--1685
[]\OT1/cmr/m/sc/9 Fig 2\OT1/cmr/m/it/9 . []Purines (A and G)
 []


Underfull \hbox (badness 10000) in paragraph at lines 1685--1685
\OT1/cmr/m/it/9 and pyrim-idines (C and
 []


Underfull \hbox (badness 10000) in paragraph at lines 1685--1685
\OT1/cmr/m/it/9 T) are shown. Tran-si-tions
 []


Underfull \hbox (badness 3861) in paragraph at lines 1685--1685
\OT1/cmr/m/it/9 oc-cur when a mu-ta-tion in-
 []


Underfull \hbox (badness 10000) in paragraph at lines 1685--1685
\OT1/cmr/m/it/9 volves purine-to-purine or
 []


Underfull \hbox (badness 10000) in paragraph at lines 1685--1685
\OT1/cmr/m/it/9 pyrimidine-to-pyrimidine in-
 []


Underfull \hbox (badness 7504) in paragraph at lines 1685--1685
\OT1/cmr/m/it/9 ser-tion. Transver-sions oc-cur
 []


Underfull \hbox (badness 1308) in paragraph at lines 1685--1685
\OT1/cmr/m/it/9 pyrimidine-to-purine in-ser-tion
 []


Underfull \hbox (badness 7925) in paragraph at lines 1685--1685
\OT1/cmr/m/it/9 hap-pens, which is a more
 []


Overfull \hbox (22.72055pt too wide) has occurred while \output is active
 []
 []

[49]
Overfull \hbox (22.72055pt too wide) has occurred while \output is active
 []
 []

[50pdfTeX warning (ext4): destination with the same identifier (name{figure.2})
 has been already used, duplicate ignored

\AtBegShi@Output ...ipout \box \AtBeginShipoutBox 
                                                  \fi \fi 
l.1710 \end{equation}
                      <./TiTv_diagram2.pdf>]
Overfull \hbox (1.76167pt too wide) in paragraph at lines 1712--1714
[]\OT1/cmr/m/n/10.95 Using the sum-to-one con-straint (Eqs. [][]123[][]) and th
e prob-a-bil-ity of transver-
 []


Overfull \hbox (22.72055pt too wide) has occurred while \output is active
 []
 []

[51]
Overfull \hbox (22.72055pt too wide) has occurred while \output is active
 []
 []

[52]
Overfull \hbox (9.0858pt too wide) detected at line 1825
[][][]
 []


Overfull \hbox (35.48123pt too wide) detected at line 1842
[]
 []


Overfull \hbox (35.48123pt too wide) in alignment at lines 1841--1842
[] [] 
 []


Overfull \hbox (22.72055pt too wide) has occurred while \output is active
 []
 []

[53]
Overfull \hbox (29.61417pt too wide) detected at line 1861
[]
 []


Overfull \hbox (29.61417pt too wide) in alignment at lines 1860--1861
[] [] 
 []


Overfull \hbox (22.72055pt too wide) has occurred while \output is active
 []
 []

[54]
Overfull \hbox (28.90039pt too wide) detected at line 1873
[][][]
 []


Overfull \hbox (22.72055pt too wide) has occurred while \output is active
 []
 []

[55]
<TiTv_distance-vs-maf.pdf, id=1146, 401.99887pt x 402.0069pt>
File: TiTv_distance-vs-maf.pdf Graphic file (type pdf)
<use TiTv_distance-vs-maf.pdf>
Package pdftex.def Info: TiTv_distance-vs-maf.pdf  used on input line 1888.
(pdftex.def)             Requested size: 229.31683pt x 229.32419pt.

Overfull \hbox (22.72055pt too wide) has occurred while \output is active
 []
 []

[56pdfTeX warning (ext4): destination with the same identifier (name{figure.3})
 has been already used, duplicate ignored

\AtBegShi@Output ...ipout \box \AtBeginShipoutBox 
                                                  \fi \fi 
l.1896 
        <./TiTv_distance-vs-maf.pdf>]
<re_fig_5_BDedit.pdf, id=1190, 505.89pt x 433.62pt>
File: re_fig_5_BDedit.pdf Graphic file (type pdf)
<use re_fig_5_BDedit.pdf>
Package pdftex.def Info: re_fig_5_BDedit.pdf  used on input line 1899.
(pdftex.def)             Requested size: 352.79846pt x 302.40051pt.

Overfull \hbox (22.72055pt too wide) has occurred while \output is active
 []
 []

[57]
<updated_distributions_table-gwas(5-23-2019).pdf, id=1207, 492.77701pt x 480.56
538pt>
File: updated_distributions_table-gwas(5-23-2019).pdf Graphic file (type pdf)
<use updated_distributions_table-gwas(5-23-2019).pdf>
Package pdftex.def Info: updated_distributions_table-gwas(5-23-2019).pdf  used 
on input line 1925.
(pdftex.def)             Requested size: 356.40198pt x 352.045pt.

Overfull \hbox (22.72055pt too wide) has occurred while \output is active
 []
 []

[58pdfTeX warning (ext4): destination with the same identifier (name{figure.4})
 has been already used, duplicate ignored

\AtBegShi@Output ...ipout \box \AtBeginShipoutBox 
                                                  \fi \fi 
l.1955 \end{table}
                   <./re_fig_5_BDedit.pdf>]
Overfull \hbox (22.72055pt too wide) has occurred while \output is active
 []
 []

[59pdfTeX warning (ext4): destination with the same identifier (name{table.4}) 
has been already used, duplicate ignored

\AtBegShi@Output ...ipout \box \AtBeginShipoutBox 
                                                  \fi \fi 
l.1960 
        <./updated_distributions_table-gwas(5-23-2019).pdf>]
Overfull \hbox (1.49869pt too wide) detected at line 1969
[][][]
 []


Overfull \hbox (11.44406pt too wide) detected at line 1981
[][][]
 []


Overfull \hbox (0.8959pt too wide) detected at line 2021
[][][]
 []


Overfull \hbox (22.72055pt too wide) has occurred while \output is active
 []
 []

[60]
Overfull \hbox (34.56627pt too wide) detected at line 2032
[][][]
 []


Overfull \hbox (28.93794pt too wide) in paragraph at lines 2071--2074
\OT1/cmr/m/n/10.95 where $\OML/cmm/m/it/10.95 G[]\OT1/cmr/m/n/10.95 (\OML/cmm/m
/it/10.95 a\OT1/cmr/m/n/10.95 ) = [][] \OML/cmm/m/it/10.95 f[] \OT1/cmr/m/n/10.
95 + \OML/cmm/m/it/10.95 f[] [] \OT1/cmr/m/n/10.95 + 2 [][] \OML/cmm/m/it/10.95
 f[]$\OT1/cmr/m/n/10.95 , $\OML/cmm/m/it/10.95 F[]\OT1/cmr/m/n/10.95 (\OML/cmm/
m/it/10.95 a\OT1/cmr/m/n/10.95 ) = [][] \OML/cmm/m/it/10.95 f[] \OT1/cmr/m/n/10
.95 +
 []


Overfull \hbox (22.72055pt too wide) has occurred while \output is active
 []
 []

[61]
Overfull \hbox (6.57845pt too wide) detected at line 2085
[]\OML/cmm/m/it/10.95 f[]\OT1/cmr/m/n/10.95 (\OML/cmm/m/it/10.95 d\OT1/cmr/m/n/
10.95 ; \OML/cmm/m/it/10.95 f[]; []; []; []; \OT1/cmr/m/n/10.95 ) = []
 []


Overfull \hbox (10.85306pt too wide) detected at line 2106
[][][]
 []


Overfull \hbox (22.72055pt too wide) has occurred while \output is active
 []
 []

[62]
Overfull \hbox (22.72055pt too wide) has occurred while \output is active
 []
 []

[63]
<rs_fmri_all_instance_matrix.pdf, id=1314, 394.1375pt x 397.6988pt>
File: rs_fmri_all_instance_matrix.pdf Graphic file (type pdf)
<use rs_fmri_all_instance_matrix.pdf>
Package pdftex.def Info: rs_fmri_all_instance_matrix.pdf  used on input line 21
45.
(pdftex.def)             Requested size: 239.39818pt x 241.56429pt.

Underfull \hbox (badness 5985) in paragraph at lines 2148--2148
\OT1/cmr/m/it/9 no-ta-tion $[]$ rep-re-sents
 []


Underfull \hbox (badness 1838) in paragraph at lines 2148--2148
\OT1/cmr/m/it/9 re-la-tion be-tween ROIs $\OML/cmm/m/it/9 a$
 []


Overfull \hbox (22.72055pt too wide) has occurred while \output is active
 []
 []

[64pdfTeX warning (ext4): destination with the same identifier (name{figure.5})
 has been already used, duplicate ignored

\AtBegShi@Output ...ipout \box \AtBeginShipoutBox 
                                                  \fi \fi 
l.2186 \end{equation}
                      <./rs_fmri_all_instance_matrix.pdf>]
Overfull \hbox (22.72055pt too wide) has occurred while \output is active
 []
 []

[65]
Overfull \hbox (22.72055pt too wide) has occurred while \output is active
 []
 []

[66]
Overfull \hbox (22.72055pt too wide) has occurred while \output is active
 []
 []

[67]
Overfull \hbox (16.58037pt too wide) detected at line 2234
[]\OT1/cmr/m/n/10.95 2 [] [] [] [] \OMS/cmsy/m/n/10.95  []\OML/cmm/m/it/10.95 
:
 []


Overfull \hbox (0.15308pt too wide) detected at line 2262
[][] [] \OT1/cmr/m/n/10.95 = 2\OML/cmm/m/it/10.95 []\OT1/cmr/m/n/10.95 (\OML/c
mm/m/it/10.95 m; p\OT1/cmr/m/n/10.95 ) = 2 [] \OML/cmm/m/it/10.95 :
 []


Overfull \hbox (22.72055pt too wide) has occurred while \output is active
 []
 []

[68]
Overfull \hbox (22.72055pt too wide) has occurred while \output is active
 []
 []

[69]
Overfull \hbox (22.72055pt too wide) has occurred while \output is active
 []
 []

[70]
<updated_distributions_table-rs-fMRI.pdf, id=1430, 427.55835pt x 269.56308pt>
File: updated_distributions_table-rs-fMRI.pdf Graphic file (type pdf)
<use updated_distributions_table-rs-fMRI.pdf>
Package pdftex.def Info: updated_distributions_table-rs-fMRI.pdf  used on input
 line 2355.
(pdftex.def)             Requested size: 360.0pt x 229.91702pt.

Overfull \hbox (22.72055pt too wide) has occurred while \output is active
 []
 []

[71]
Overfull \hbox (18.35693pt too wide) in paragraph at lines 2392--2393
\OT1/cmr/m/n/10.95 tance ma-tri-ces on stan-dard nor-mal data for $\OML/cmm/m/i
t/10.95 p \OT1/cmr/m/n/10.95 = 1000\OML/cmm/m/it/10.95 ; \OT1/cmr/m/n/10.95 200
0\OML/cmm/m/it/10.95 ; \OT1/cmr/m/n/10.95 3000\OML/cmm/m/it/10.95 ; \OT1/cmr/m/
n/10.95 4000\OML/cmm/m/it/10.95 ; []\OT1/cmr/m/n/10.95 5000$
 []


Overfull \hbox (22.72055pt too wide) has occurred while \output is active
 []
 []

[72pdfTeX warning (ext4): destination with the same identifier (name{table.5}) 
has been already used, duplicate ignored

\AtBegShi@Output ...ipout \box \AtBeginShipoutBox 
                                                  \fi \fi 
l.2393 
        <./updated_distributions_table-rs-fMRI.pdf>]
<compared_moments_normal_manhattan5.pdf, id=1487, 798.03645pt x 432.58614pt>
File: compared_moments_normal_manhattan5.pdf Graphic file (type pdf)
<use compared_moments_normal_manhattan5.pdf>
Package pdftex.def Info: compared_moments_normal_manhattan5.pdf  used on input 
line 2396.
(pdftex.def)             Requested size: 319.20892pt x 173.03137pt.

Overfull \hbox (22.72055pt too wide) has occurred while \output is active
 []
 []

[73pdfTeX warning (ext4): destination with the same identifier (name{figure.6})
 has been already used, duplicate ignored

\AtBegShi@Output ...ipout \box \AtBeginShipoutBox 
                                                  \fi \fi 
l.2403 
        <./compared_moments_normal_manhattan5.pdf>]
Overfull \hbox (22.72055pt too wide) has occurred while \output is active
 []
 []

[74]
Overfull \hbox (18.00224pt too wide) in paragraph at lines 2440--2447
 \OT1/cmr/m/n/10.95 6.3.\OT1/cmr/m/it/10.95 Correlation-based data.[][] \OT1/cm
r/m/n/10.95 For our cor-re-la-tion data-based met-ric (Eq. [][]155[][]),
 []

<null_corr_BryanEdit.pdf, id=1537, 722.7pt x 252.945pt>
File: null_corr_BryanEdit.pdf Graphic file (type pdf)
<use null_corr_BryanEdit.pdf>
Package pdftex.def Info: null_corr_BryanEdit.pdf  used on input line 2462.
(pdftex.def)             Requested size: 352.79846pt x 123.48097pt.

Overfull \hbox (22.72055pt too wide) has occurred while \output is active
 []
 []

[75]
Overfull \hbox (22.72055pt too wide) has occurred while \output is active
 []
 []

[76pdfTeX warning (ext4): destination with the same identifier (name{figure.7})
 has been already used, duplicate ignored

\AtBegShi@Output ...ipout \box \AtBeginShipoutBox 
                                                  \fi \fi 
l.2469 
        <./null_corr_BryanEdit.pdf>]
Overfull \hbox (22.72055pt too wide) has occurred while \output is active
 []
 []

[77]
Overfull \hbox (22.72055pt too wide) has occurred while \output is active
 []
 []

[78] (theoretical_paper_aos.bbl
Overfull \hbox (22.72055pt too wide) has occurred while \output is active
 []
 []

[79])
Overfull \hbox (22.72055pt too wide) has occurred while \output is active
 []
 []

[80]
Package atveryend Info: Empty hook `BeforeClearDocument' on input line 2514.
Package atveryend Info: Empty hook `AfterLastShipout' on input line 2514.
 (theoretical_paper_aos.aux)
Package atveryend Info: Executing hook `AtVeryEndDocument' on input line 2514.
Package atveryend Info: Executing hook `AtEndAfterFileList' on input line 2514.

Package rerunfilecheck Info: File `theoretical_paper_aos.out' has not changed.
(rerunfilecheck)             Checksum: A4A6DFCE45403AA2132003B0D363EB09;3171.


LaTeX Warning: There were multiply-defined labels.

Package atveryend Info: Empty hook `AtVeryVeryEnd' on input line 2514.
 ) 
Here is how much of TeX's memory you used:
 19034 strings out of 492946
 345839 string characters out of 3135528
 433990 words of memory out of 3000000
 22217 multiletter control sequences out of 15000+200000
 24874 words of font info for 90 fonts, out of 3000000 for 9000
 1141 hyphenation exceptions out of 8191
 55i,25n,48p,2665b,883s stack positions out of 5000i,500n,10000p,200000b,50000s
<C:/Program Files/MiKTeX 2.9/fonts/type1/public/amsfonts/cmextra/cmbsy8.pfb><
C:/Program Files/MiKTeX 2.9/fonts/type1/public/amsfonts/cm/cmbx10.pfb><C:/Progr
am Files/MiKTeX 2.9/fonts/type1/public/amsfonts/cm/cmbx12.pfb><C:/Program Files
/MiKTeX 2.9/fonts/type1/public/amsfonts/cm/cmbx6.pfb><C:/Program Files/MiKTeX 2
.9/fonts/type1/public/amsfonts/cm/cmbx7.pfb><C:/Program Files/MiKTeX 2.9/fonts/
type1/public/amsfonts/cm/cmbx8.pfb><C:/Program Files/MiKTeX 2.9/fonts/type1/pub
lic/amsfonts/cm/cmbx9.pfb><C:/Program Files/MiKTeX 2.9/fonts/type1/public/amsfo
nts/cm/cmbxti10.pfb><C:/Program Files/MiKTeX 2.9/fonts/type1/public/amsfonts/cm
/cmcsc10.pfb><C:/Program Files/MiKTeX 2.9/fonts/type1/public/amsfonts/cm/cmex10
.pfb><C:/Program Files/MiKTeX 2.9/fonts/type1/public/amsfonts/cmextra/cmex8.pfb
><C:/Program Files/MiKTeX 2.9/fonts/type1/public/amsfonts/cm/cmmi10.pfb><C:/Pro
gram Files/MiKTeX 2.9/fonts/type1/public/amsfonts/cm/cmmi12.pfb><C:/Program Fil
es/MiKTeX 2.9/fonts/type1/public/amsfonts/cm/cmmi5.pfb><C:/Program Files/MiKTeX
 2.9/fonts/type1/public/amsfonts/cm/cmmi6.pfb><C:/Program Files/MiKTeX 2.9/font
s/type1/public/amsfonts/cm/cmmi7.pfb><C:/Program Files/MiKTeX 2.9/fonts/type1/p
ublic/amsfonts/cm/cmmi8.pfb><C:/Program Files/MiKTeX 2.9/fonts/type1/public/ams
fonts/cm/cmmi9.pfb><C:/Program Files/MiKTeX 2.9/fonts/type1/public/amsfonts/cm/
cmmib10.pfb><C:/Program Files/MiKTeX 2.9/fonts/type1/public/amsfonts/cmextra/cm
mib8.pfb><C:/Program Files/MiKTeX 2.9/fonts/type1/public/amsfonts/cmextra/cmmib
9.pfb><C:/Program Files/MiKTeX 2.9/fonts/type1/public/amsfonts/cm/cmr10.pfb><C:
/Program Files/MiKTeX 2.9/fonts/type1/public/amsfonts/cm/cmr12.pfb><C:/Program 
Files/MiKTeX 2.9/fonts/type1/public/amsfonts/cm/cmr5.pfb><C:/Program Files/MiKT
eX 2.9/fonts/type1/public/amsfonts/cm/cmr6.pfb><C:/Program Files/MiKTeX 2.9/fon
ts/type1/public/amsfonts/cm/cmr7.pfb><C:/Program Files/MiKTeX 2.9/fonts/type1/p
ublic/amsfonts/cm/cmr8.pfb><C:/Program Files/MiKTeX 2.9/fonts/type1/public/amsf
onts/cm/cmr9.pfb><C:/Program Files/MiKTeX 2.9/fonts/type1/public/amsfonts/cm/cm
sy10.pfb><C:/Program Files/MiKTeX 2.9/fonts/type1/public/amsfonts/cm/cmsy6.pfb>
<C:/Program Files/MiKTeX 2.9/fonts/type1/public/amsfonts/cm/cmsy7.pfb><C:/Progr
am Files/MiKTeX 2.9/fonts/type1/public/amsfonts/cm/cmsy8.pfb><C:/Program Files/
MiKTeX 2.9/fonts/type1/public/amsfonts/cm/cmsy9.pfb><C:/Program Files/MiKTeX 2.
9/fonts/type1/public/amsfonts/cm/cmti10.pfb><C:/Program Files/MiKTeX 2.9/fonts/
type1/public/amsfonts/cm/cmti7.pfb><C:/Program Files/MiKTeX 2.9/fonts/type1/pub
lic/amsfonts/cm/cmti8.pfb><C:/Program Files/MiKTeX 2.9/fonts/type1/public/amsfo
nts/cm/cmti9.pfb><C:/Program Files/MiKTeX 2.9/fonts/type1/public/amsfonts/cm/cm
tt9.pfb><C:/Program Files/MiKTeX 2.9/fonts/type1/public/amsfonts/symbols/msbm10
.pfb><C:/Program Files/MiKTeX 2.9/fonts/type1/urw/helvetic/uhvb8a.pfb><C:/Progr
am Files/MiKTeX 2.9/fonts/type1/urw/helvetic/uhvr8a.pfb>
Output written on theoretical_paper_aos.pdf (80 pages, 1760797 bytes).
PDF statistics:
 1775 PDF objects out of 2073 (max. 8388607)
 345 named destinations out of 1000 (max. 500000)
 423 words of extra memory for PDF output out of 10000 (max. 10000000)

